{"logTime": "0706/105216", "correlationVector":"SUpduuL7IMQJfMc+FfUlkV.1","action":"SyncServerConnectionManagerRequest", "result":"SYNC_SERVER_OK", "context":{"environment":"Prod_EastAsia_000d", "migrationStage":"NotStarted", "server":"GENERAL0100001F"}}
{"logTime": "0706/105216", "correlationVector":"SUpduuL7IMQJfMc+FfUlkV.2","action":"GetUpdates Response", "result":"Success", "context":Received 0 update(s). cV=SUpduuL7IMQJfMc+FfUlkV.0;server=GENERAL0100001F;cloudType=Consumer;environment=Prod_EastAsia_000d;migrationStage=NotStarted}
{"logTime": "0706/105216", "correlationVector":"Z34MitE/2IzBJmK8XdKMCE","action":"DoCompareDataConsistency requsted types: ", "result":"Send Tab To Self, Encryption Keys"}
{"logTime": "0706/105216", "correlationVector":"Z34MitE/2IzBJmK8XdKMCE.0","action":"CompareDataConsistency result: ", "result":"Compare result: Encryption Keys is consistent. local entities count is: 1 local entities hash is: 2zpOquoPVJBuWRXxz5Hs0rOtnxQ="}
{"logTime": "0706/105216", "correlationVector":"Z34MitE/2IzBJmK8XdKMCE.1","action":"CompareDataConsistency result: ", "result":"Server did not send this Send Tab To Self local entities count is: 0 local entities hash is: "}
{"logTime": "0706/105216", "correlationVector":"","action":"DIAGNOSTIC_REQUEST|v1/diagnosticData/Diagnostic.SendCheckResult()|SUCCESS", "result":""}
{"logTime": "0706/105216", "correlationVector":"","action":"SyncDiagnosticRequest::ProcessDiagnosticResponse", "result":"DIAGNOSTIC_REQUEST|v1/diagnosticData/Diagnostic.SendCheckResult()|SUCCESS"}
{"logTime": "0706/105952", "correlationVector":"AwNRWnaBhzqyLF+t+qVEQR.1","action":"SyncServerConnectionManagerRequest", "result":"SYNC_SERVER_OK", "context":{"environment":"Prod_EastAsia_000d", "migrationStage":"NotStarted", "server":"GENERAL0100001W"}}
{"logTime": "0706/105952", "correlationVector":"N/9GvU5+JpBLLnFUu3Qbmf","action":"SyncServerConnectionManagerRequest", "result":"SYNC_SERVER_OK", "context":{"environment":"", "migrationStage":"", "server":""}}
{"logTime": "0706/105952", "correlationVector":"AwNRWnaBhzqyLF+t+qVEQR","action":"Initial GetUpdates", "result":"", "context":Reason: NEW_CLIENT. cV=AwNRWnaBhzqyLF+t+qVEQR}
{"logTime": "0706/105952", "correlationVector":"AwNRWnaBhzqyLF+t+qVEQR.2","action":"GetUpdates Response", "result":"Success", "context":Received 1 update(s). cV=AwNRWnaBhzqyLF+t+qVEQR.0;server=GENERAL0100001W;cloudType=Consumer;environment=Prod_EastAsia_000d;migrationStage=NotStarted}
{"logTime": "0706/105952", "correlationVector":"3+FTA5z7WVqrihhR0qT5zv","action":"Normal GetUpdate request", "result":"", "context":cV=3+FTA5z7WVqrihhR0qT5zv
Refresh requested types: Device Info, User Consents, Send Tab To Self, Encryption Keys}
{"logTime": "0706/105952", "correlationVector":"3+FTA5z7WVqrihhR0qT5zv.1","action":"SyncServerConnectionManagerRequest", "result":"SYNC_SERVER_OK", "context":{"environment":"Prod_EastAsia_000d", "migrationStage":"NotStarted", "server":"GENERAL01000020"}}
{"logTime": "0706/105952", "correlationVector":"3+FTA5z7WVqrihhR0qT5zv.2","action":"GetUpdates Response", "result":"Success", "context":Received 0 update(s). cV=3+FTA5z7WVqrihhR0qT5zv.0;server=GENERAL01000020;cloudType=Consumer;environment=Prod_EastAsia_000d;migrationStage=NotStarted}
{"logTime": "0706/110451", "correlationVector":"vX5Wx6xCeTEzLjZjZ9pAok","action":"Normal GetUpdate request", "result":"", "context":cV=vX5Wx6xCeTEzLjZjZ9pAok
Refresh requested types: Device Info, User Consents, Send Tab To Self, Encryption Keys}
{"logTime": "0706/110452", "correlationVector":"vX5Wx6xCeTEzLjZjZ9pAok.1","action":"SyncServerConnectionManagerRequest", "result":"SYNC_SERVER_OK", "context":{"environment":"Prod_EastAsia_000d", "migrationStage":"NotStarted", "server":"GENERAL0100001E"}}
{"logTime": "0706/110452", "correlationVector":"vX5Wx6xCeTEzLjZjZ9pAok.2","action":"GetUpdates Response", "result":"Success", "context":Received 0 update(s). cV=vX5Wx6xCeTEzLjZjZ9pAok.0;server=GENERAL0100001E;cloudType=Consumer;environment=Prod_EastAsia_000d;migrationStage=NotStarted}
{"logTime": "0706/111722", "correlationVector":"yrJohVvG3tX5qSJ8XJyCBH.1","action":"SyncServerConnectionManagerRequest", "result":"SYNC_SERVER_OK", "context":{"environment":"Prod_EastAsia_000d", "migrationStage":"NotStarted", "server":"GENERAL0100001R"}}
{"logTime": "0706/111723", "correlationVector":"xkWZcCSAo5KzBN7VxXqAM4","action":"SyncServerConnectionManagerRequest", "result":"SYNC_SERVER_OK", "context":{"environment":"", "migrationStage":"", "server":""}}
{"logTime": "0706/111723", "correlationVector":"yrJohVvG3tX5qSJ8XJyCBH","action":"Initial GetUpdates", "result":"", "context":Reason: NEW_CLIENT. cV=yrJohVvG3tX5qSJ8XJyCBH}
{"logTime": "0706/111723", "correlationVector":"yrJohVvG3tX5qSJ8XJyCBH.2","action":"GetUpdates Response", "result":"Success", "context":Received 1 update(s). cV=yrJohVvG3tX5qSJ8XJyCBH.0;server=GENERAL0100001R;cloudType=Consumer;environment=Prod_EastAsia_000d;migrationStage=NotStarted}
{"logTime": "0706/111723", "correlationVector":"lE0QLeDQgkQW3NOKsbodr/","action":"Normal GetUpdate request", "result":"", "context":cV=lE0QLeDQgkQW3NOKsbodr/
Refresh requested types: Device Info, User Consents, Send Tab To Self, Encryption Keys}
{"logTime": "0706/111723", "correlationVector":"lE0QLeDQgkQW3NOKsbodr/.1","action":"SyncServerConnectionManagerRequest", "result":"SYNC_SERVER_OK", "context":{"environment":"Prod_EastAsia_000d", "migrationStage":"NotStarted", "server":"GENERAL0100000C"}}
{"logTime": "0706/111723", "correlationVector":"lE0QLeDQgkQW3NOKsbodr/.2","action":"GetUpdates Response", "result":"Success", "context":Received 0 update(s). cV=lE0QLeDQgkQW3NOKsbodr/.0;server=GENERAL0100000C;cloudType=Consumer;environment=Prod_EastAsia_000d;migrationStage=NotStarted}
{"logTime": "0706/112222", "correlationVector":"HBRmEmorvZNINR8IsDu3/s","action":"Normal GetUpdate request", "result":"", "context":cV=HBRmEmorvZNINR8IsDu3/s
Refresh requested types: Device Info, User Consents, Send Tab To Self, Encryption Keys}
{"logTime": "0706/112222", "correlationVector":"HBRmEmorvZNINR8IsDu3/s.1","action":"SyncServerConnectionManagerRequest", "result":"SYNC_SERVER_OK", "context":{"environment":"Prod_EastAsia_000d", "migrationStage":"NotStarted", "server":"GENERAL0100000N"}}
{"logTime": "0706/112222", "correlationVector":"HBRmEmorvZNINR8IsDu3/s.2","action":"GetUpdates Response", "result":"Success", "context":Received 0 update(s). cV=HBRmEmorvZNINR8IsDu3/s.0;server=GENERAL0100000N;cloudType=Consumer;environment=Prod_EastAsia_000d;migrationStage=NotStarted}
{"logTime": "0706/124812", "correlationVector":"gpcmfHez1HTJ7fQWNVya8d.1","action":"SyncServerConnectionManagerRequest", "result":"SYNC_SERVER_OK", "context":{"environment":"Prod_EastAsia_000d", "migrationStage":"NotStarted", "server":"GENERAL0100002A"}}
{"logTime": "0706/124812", "correlationVector":"oIaqDtYM9Z41sSdTU9RmEv","action":"SyncServerConnectionManagerRequest", "result":"SYNC_SERVER_OK", "context":{"environment":"", "migrationStage":"", "server":""}}
{"logTime": "0706/124812", "correlationVector":"gpcmfHez1HTJ7fQWNVya8d","action":"Initial GetUpdates", "result":"", "context":Reason: NEW_CLIENT. cV=gpcmfHez1HTJ7fQWNVya8d}
{"logTime": "0706/124812", "correlationVector":"gpcmfHez1HTJ7fQWNVya8d.2","action":"GetUpdates Response", "result":"Success", "context":Received 1 update(s). cV=gpcmfHez1HTJ7fQWNVya8d.0;server=GENERAL0100002A;cloudType=Consumer;environment=Prod_EastAsia_000d;migrationStage=NotStarted}
{"logTime": "0706/124812", "correlationVector":"/4d6KXHu3bzi55aGNfvZdm","action":"Normal GetUpdate request", "result":"", "context":cV=/4d6KXHu3bzi55aGNfvZdm
Refresh requested types: Device Info, User Consents, Send Tab To Self, Encryption Keys}
{"logTime": "0706/124812", "correlationVector":"/4d6KXHu3bzi55aGNfvZdm.1","action":"SyncServerConnectionManagerRequest", "result":"SYNC_SERVER_OK", "context":{"environment":"Prod_EastAsia_000d", "migrationStage":"NotStarted", "server":"GENERAL0100001S"}}
{"logTime": "0706/124812", "correlationVector":"/4d6KXHu3bzi55aGNfvZdm.2","action":"GetUpdates Response", "result":"Success", "context":Received 0 update(s). cV=/4d6KXHu3bzi55aGNfvZdm.0;server=GENERAL0100001S;cloudType=Consumer;environment=Prod_EastAsia_000d;migrationStage=NotStarted}
{"logTime": "0706/125310", "correlationVector":"0bOHHZAhTBctHLZMhTKvl+","action":"Normal GetUpdate request", "result":"", "context":cV=0bOHHZAhTBctHLZMhTKvl+
Refresh requested types: Device Info, User Consents, Send Tab To Self, Encryption Keys}
{"logTime": "0706/125310", "correlationVector":"0bOHHZAhTBctHLZMhTKvl+.1","action":"SyncServerConnectionManagerRequest", "result":"SYNC_SERVER_OK", "context":{"environment":"Prod_EastAsia_000d", "migrationStage":"NotStarted", "server":"GENERAL0100000O"}}
{"logTime": "0706/125310", "correlationVector":"0bOHHZAhTBctHLZMhTKvl+.2","action":"GetUpdates Response", "result":"Success", "context":Received 0 update(s). cV=0bOHHZAhTBctHLZMhTKvl+.0;server=GENERAL0100000O;cloudType=Consumer;environment=Prod_EastAsia_000d;migrationStage=NotStarted}
{"logTime": "0706/131744", "correlationVector":"bWIKOLPesF2bA5MZzpzMC1","action":"Commit Request", "result":"", "context":Item count: 1
Contributing types: Device Info}
{"logTime": "0706/131745", "correlationVector":"bWIKOLPesF2bA5MZzpzMC1.1","action":"SyncServerConnectionManagerRequest", "result":"SYNC_SERVER_OK", "context":{"environment":"Prod_EastAsia_000d", "migrationStage":"NotStarted", "server":"GENERAL01000009"}}
{"logTime": "0706/131745", "correlationVector":"bWIKOLPesF2bA5MZzpzMC1.2","action":"Commit Response", "result":"Success", "context":Result: Success. cV=bWIKOLPesF2bA5MZzpzMC1.0;server=GENERAL01000009;cloudType=Consumer;environment=Prod_EastAsia_000d;migrationStage=NotStarted}
{"logTime": "0706/140359", "correlationVector":"Sa99UXRCqSDxSFPA77cabu","action":"Normal GetUpdate request", "result":"", "context":cV=Sa99UXRCqSDxSFPA77cabu
Notified types: Device Info}
{"logTime": "0706/140400", "correlationVector":"Sa99UXRCqSDxSFPA77cabu.1","action":"SyncServerConnectionManagerRequest", "result":"SYNC_SERVER_OK", "context":{"environment":"Prod_EastAsia_000d", "migrationStage":"NotStarted", "server":"GENERAL0100000P"}}
{"logTime": "0706/140400", "correlationVector":"Sa99UXRCqSDxSFPA77cabu.2","action":"GetUpdates Response", "result":"Success", "context":Received 2 update(s). cV=Sa99UXRCqSDxSFPA77cabu.0;server=GENERAL0100000P;cloudType=Consumer;environment=Prod_EastAsia_000d;migrationStage=NotStarted}
{"logTime": "0707/011908", "correlationVector":"yCOKyRygFXnDj0+FBYGGGa.1","action":"SyncServerConnectionManagerRequest", "result":"SYNC_SERVER_OK", "context":{"environment":"Prod_EastAsia_000d", "migrationStage":"NotStarted", "server":"GENERAL0100001P"}}
{"logTime": "0707/011908", "correlationVector":"aO7qRkOxm0zo1Y/l90dOO3","action":"SyncServerConnectionManagerRequest", "result":"SYNC_SERVER_OK", "context":{"environment":"", "migrationStage":"", "server":""}}
{"logTime": "0707/011908", "correlationVector":"yCOKyRygFXnDj0+FBYGGGa","action":"Initial GetUpdates", "result":"", "context":Reason: NEW_CLIENT. cV=yCOKyRygFXnDj0+FBYGGGa}
{"logTime": "0707/011908", "correlationVector":"yCOKyRygFXnDj0+FBYGGGa.2","action":"GetUpdates Response", "result":"Success", "context":Received 1 update(s). cV=yCOKyRygFXnDj0+FBYGGGa.0;server=GENERAL0100001P;cloudType=Consumer;environment=Prod_EastAsia_000d;migrationStage=NotStarted}
{"logTime": "0707/011908", "correlationVector":"X1zalBKMynIIaICUjyWJAI","action":"Normal GetUpdate request", "result":"", "context":cV=X1zalBKMynIIaICUjyWJAI
Refresh requested types: Device Info, User Consents, Send Tab To Self, Encryption Keys}
{"logTime": "0707/011909", "correlationVector":"X1zalBKMynIIaICUjyWJAI.1","action":"SyncServerConnectionManagerRequest", "result":"SYNC_SERVER_OK", "context":{"environment":"Prod_EastAsia_000d", "migrationStage":"NotStarted", "server":"GENERAL01000000"}}
{"logTime": "0707/011909", "correlationVector":"X1zalBKMynIIaICUjyWJAI.2","action":"GetUpdates Response", "result":"Success", "context":Received 0 update(s). cV=X1zalBKMynIIaICUjyWJAI.0;server=GENERAL01000000;cloudType=Consumer;environment=Prod_EastAsia_000d;migrationStage=NotStarted}
{"logTime": "0707/011909", "correlationVector":"Qloiafu5FK17AhhGpW6l7U","action":"Poll GetUpdate request", "result":"", "context":cV=Qloiafu5FK17AhhGpW6l7U}
{"logTime": "0707/011909", "correlationVector":"Qloiafu5FK17AhhGpW6l7U.1","action":"SyncServerConnectionManagerRequest", "result":"SYNC_SERVER_OK", "context":{"environment":"Prod_EastAsia_000d", "migrationStage":"NotStarted", "server":"GENERAL01000007"}}
{"logTime": "0707/011909", "correlationVector":"Qloiafu5FK17AhhGpW6l7U.2","action":"GetUpdates Response", "result":"Success", "context":Received 0 update(s). cV=Qloiafu5FK17AhhGpW6l7U.0;server=GENERAL01000007;cloudType=Consumer;environment=Prod_EastAsia_000d;migrationStage=NotStarted}
{"logTime": "0707/012407", "correlationVector":"u2GG9QG93kiHpQZbf6kIv/","action":"Normal GetUpdate request", "result":"", "context":cV=u2GG9QG93kiHpQZbf6kIv/
Refresh requested types: Device Info, User Consents, Send Tab To Self, Encryption Keys}
{"logTime": "0707/012409", "correlationVector":"u2GG9QG93kiHpQZbf6kIv/.1","action":"SyncServerConnectionManagerRequest", "result":"SYNC_SERVER_OK", "context":{"environment":"Prod_EastAsia_000d", "migrationStage":"NotStarted", "server":"GENERAL01000023"}}
{"logTime": "0707/012409", "correlationVector":"u2GG9QG93kiHpQZbf6kIv/.2","action":"GetUpdates Response", "result":"Success", "context":Received 0 update(s). cV=u2GG9QG93kiHpQZbf6kIv/.0;server=GENERAL01000023;cloudType=Consumer;environment=Prod_EastAsia_000d;migrationStage=NotStarted}
{"logTime": "0707/012409", "correlationVector":"9vv3Sp27S+OOGuP6PsMWUY","action":"DoCompareDataConsistency requsted types: ", "result":"Send Tab To Self, Encryption Keys"}
{"logTime": "0707/012409", "correlationVector":"9vv3Sp27S+OOGuP6PsMWUY.0","action":"CompareDataConsistency result: ", "result":"Compare result: Encryption Keys is consistent. local entities count is: 1 local entities hash is: 2zpOquoPVJBuWRXxz5Hs0rOtnxQ="}
{"logTime": "0707/012409", "correlationVector":"9vv3Sp27S+OOGuP6PsMWUY.1","action":"CompareDataConsistency result: ", "result":"Server did not send this Send Tab To Self local entities count is: 0 local entities hash is: "}
{"logTime": "0707/012410", "correlationVector":"","action":"DIAGNOSTIC_REQUEST|v1/diagnosticData/Diagnostic.SendCheckResult()|SUCCESS", "result":""}
{"logTime": "0707/012410", "correlationVector":"","action":"SyncDiagnosticRequest::ProcessDiagnosticResponse", "result":"DIAGNOSTIC_REQUEST|v1/diagnosticData/Diagnostic.SendCheckResult()|SUCCESS"}
{"logTime": "0707/091909", "correlationVector":"v/QwYWIkGE9kTGllxqcRg4","action":"Poll GetUpdate request", "result":"", "context":cV=v/QwYWIkGE9kTGllxqcRg4}
{"logTime": "0707/091909", "correlationVector":"v/QwYWIkGE9kTGllxqcRg4.1","action":"SyncServerConnectionManagerRequest", "result":"SYNC_AUTH_ERROR", "context":{"environment":"Prod_EastAsia_000d", "migrationStage":"NotStarted", "server":"GENERAL01000004"}}
{"logTime": "0707/091909", "correlationVector":"v/QwYWIkGE9kTGllxqcRg4.2","action":"GetUpdates Response", "result":"HTTP error (401)", "context":Received error: HTTP error (401). cV=v/QwYWIkGE9kTGllxqcRg4.0;server=GENERAL01000004;cloudType=Undetermined;environment=Prod_EastAsia_000d;migrationStage=NotStarted}
{"logTime": "0707/091910", "correlationVector":"uovocAzNF2B43mZfKUFKTB","action":"Poll GetUpdate request", "result":"", "context":cV=uovocAzNF2B43mZfKUFKTB}
{"logTime": "0707/091910", "correlationVector":"uovocAzNF2B43mZfKUFKTB.1","action":"SyncServerConnectionManagerRequest", "result":"SYNC_SERVER_OK", "context":{"environment":"Prod_EastAsia_000d", "migrationStage":"NotStarted", "server":"GENERAL01000017"}}
{"logTime": "0707/091910", "correlationVector":"uovocAzNF2B43mZfKUFKTB.2","action":"GetUpdates Response", "result":"Success", "context":Received 0 update(s). cV=uovocAzNF2B43mZfKUFKTB.0;server=GENERAL01000017;cloudType=Consumer;environment=Prod_EastAsia_000d;migrationStage=NotStarted}
{"logTime": "0709/081859", "correlationVector":"dqpxm8/xnZJhWSDSd4Fmio.1","action":"SyncServerConnectionManagerRequest", "result":"SYNC_SERVER_OK", "context":{"environment":"Prod_EastAsia_000d", "migrationStage":"NotStarted", "server":"GENERAL0100001N"}}
{"logTime": "0709/081859", "correlationVector":"a+/04EHoRGOalhZOAyCpl+","action":"SyncServerConnectionManagerRequest", "result":"SYNC_SERVER_OK", "context":{"environment":"", "migrationStage":"", "server":""}}
{"logTime": "0709/081859", "correlationVector":"dqpxm8/xnZJhWSDSd4Fmio","action":"Initial GetUpdates", "result":"", "context":Reason: NEW_CLIENT. cV=dqpxm8/xnZJhWSDSd4Fmio}
{"logTime": "0709/081859", "correlationVector":"dqpxm8/xnZJhWSDSd4Fmio.2","action":"GetUpdates Response", "result":"Success", "context":Received 1 update(s). cV=dqpxm8/xnZJhWSDSd4Fmio.0;server=GENERAL0100001N;cloudType=Consumer;environment=Prod_EastAsia_000d;migrationStage=NotStarted}
{"logTime": "0709/081859", "correlationVector":"yF+AuvAtzuX/yKKcnL3XH9","action":"Normal GetUpdate request", "result":"", "context":cV=yF+AuvAtzuX/yKKcnL3XH9
Nudged types: Device Info
Refresh requested types: Device Info, User Consents, Send Tab To Self, Encryption Keys}
{"logTime": "0709/081859", "correlationVector":"yF+AuvAtzuX/yKKcnL3XH9.1","action":"SyncServerConnectionManagerRequest", "result":"SYNC_SERVER_OK", "context":{"environment":"Prod_EastAsia_000d", "migrationStage":"NotStarted", "server":"GENERAL0100001S"}}
{"logTime": "0709/081859", "correlationVector":"yF+AuvAtzuX/yKKcnL3XH9.2","action":"GetUpdates Response", "result":"Success", "context":Received 2 update(s). cV=yF+AuvAtzuX/yKKcnL3XH9.0;server=GENERAL0100001S;cloudType=Consumer;environment=Prod_EastAsia_000d;migrationStage=NotStarted}
{"logTime": "0709/081859", "correlationVector":"/leG/At20+8V+cHrg8f87V","action":"DoCompareDataConsistency requsted types: ", "result":"Send Tab To Self, Encryption Keys"}
{"logTime": "0709/081859", "correlationVector":"/leG/At20+8V+cHrg8f87V.0","action":"CompareDataConsistency result: ", "result":"Compare result: Encryption Keys is consistent. local entities count is: 1 local entities hash is: 2zpOquoPVJBuWRXxz5Hs0rOtnxQ="}
{"logTime": "0709/081859", "correlationVector":"/leG/At20+8V+cHrg8f87V.1","action":"CompareDataConsistency result: ", "result":"Server did not send this Send Tab To Self local entities count is: 0 local entities hash is: "}
{"logTime": "0709/081859", "correlationVector":"grPv+Nk9BfPkL0Ia4mRgeT","action":"Poll GetUpdate request", "result":"", "context":cV=grPv+Nk9BfPkL0Ia4mRgeT}
{"logTime": "0709/081859", "correlationVector":"grPv+Nk9BfPkL0Ia4mRgeT.1","action":"SyncServerConnectionManagerRequest", "result":"SYNC_SERVER_OK", "context":{"environment":"Prod_EastAsia_000d", "migrationStage":"NotStarted", "server":"GENERAL0100000P"}}
{"logTime": "0709/081859", "correlationVector":"grPv+Nk9BfPkL0Ia4mRgeT.2","action":"GetUpdates Response", "result":"Success", "context":Received 0 update(s). cV=grPv+Nk9BfPkL0Ia4mRgeT.0;server=GENERAL0100000P;cloudType=Consumer;environment=Prod_EastAsia_000d;migrationStage=NotStarted}
{"logTime": "0709/081859", "correlationVector":"","action":"DIAGNOSTIC_REQUEST|v1/diagnosticData/Diagnostic.SendCheckResult()|SUCCESS", "result":""}
{"logTime": "0709/081859", "correlationVector":"","action":"SyncDiagnosticRequest::ProcessDiagnosticResponse", "result":"DIAGNOSTIC_REQUEST|v1/diagnosticData/Diagnostic.SendCheckResult()|SUCCESS"}
{"logTime": "0709/082356", "correlationVector":"rj4e+feghhb58oMRZVpWHT","action":"Normal GetUpdate request", "result":"", "context":cV=rj4e+feghhb58oMRZVpWHT
Refresh requested types: Device Info, User Consents, Send Tab To Self, Encryption Keys}
{"logTime": "0709/082357", "correlationVector":"rj4e+feghhb58oMRZVpWHT.1","action":"SyncServerConnectionManagerRequest", "result":"SYNC_SERVER_OK", "context":{"environment":"Prod_EastAsia_000d", "migrationStage":"NotStarted", "server":"GENERAL01000028"}}
{"logTime": "0709/082357", "correlationVector":"rj4e+feghhb58oMRZVpWHT.2","action":"GetUpdates Response", "result":"Success", "context":Received 0 update(s). cV=rj4e+feghhb58oMRZVpWHT.0;server=GENERAL01000028;cloudType=Consumer;environment=Prod_EastAsia_000d;migrationStage=NotStarted}
{"logTime": "0709/082357", "correlationVector":"o9Gc2gCgN4ktHUZVW0PuW4","action":"DoCompareDataConsistency requsted types: ", "result":"Send Tab To Self, Encryption Keys"}
{"logTime": "0709/082357", "correlationVector":"o9Gc2gCgN4ktHUZVW0PuW4.0","action":"CompareDataConsistency result: ", "result":"Compare result: Encryption Keys is consistent. local entities count is: 1 local entities hash is: 2zpOquoPVJBuWRXxz5Hs0rOtnxQ="}
{"logTime": "0709/082357", "correlationVector":"o9Gc2gCgN4ktHUZVW0PuW4.1","action":"CompareDataConsistency result: ", "result":"Server did not send this Send Tab To Self local entities count is: 0 local entities hash is: "}
{"logTime": "0709/082357", "correlationVector":"","action":"DIAGNOSTIC_REQUEST|v1/diagnosticData/Diagnostic.SendCheckResult()|SUCCESS", "result":""}
{"logTime": "0709/082357", "correlationVector":"","action":"SyncDiagnosticRequest::ProcessDiagnosticResponse", "result":"DIAGNOSTIC_REQUEST|v1/diagnosticData/Diagnostic.SendCheckResult()|SUCCESS"}
{"logTime": "0710/033036", "correlationVector":"pHh/tybK4QXeK2hLZwC43i.1","action":"SyncServerConnectionManagerRequest", "result":"SYNC_SERVER_OK", "context":{"environment":"Prod_EastAsia_000d", "migrationStage":"NotStarted", "server":"GENERAL0100002A"}}
{"logTime": "0710/033036", "correlationVector":"b/rCFDv8w0rsdzAezagZ3e","action":"SyncServerConnectionManagerRequest", "result":"SYNC_SERVER_OK", "context":{"environment":"", "migrationStage":"", "server":""}}
{"logTime": "0710/033036", "correlationVector":"pHh/tybK4QXeK2hLZwC43i","action":"Initial GetUpdates", "result":"", "context":Reason: NEW_CLIENT. cV=pHh/tybK4QXeK2hLZwC43i}
{"logTime": "0710/033036", "correlationVector":"pHh/tybK4QXeK2hLZwC43i.2","action":"GetUpdates Response", "result":"Success", "context":Received 1 update(s). cV=pHh/tybK4QXeK2hLZwC43i.0;server=GENERAL0100002A;cloudType=Consumer;environment=Prod_EastAsia_000d;migrationStage=NotStarted}
{"logTime": "0710/033036", "correlationVector":"sT9rCz6OXdso1+qZP4F5/3","action":"Normal GetUpdate request", "result":"", "context":cV=sT9rCz6OXdso1+qZP4F5/3
Refresh requested types: Device Info, User Consents, Send Tab To Self, Encryption Keys}
{"logTime": "0710/033037", "correlationVector":"sT9rCz6OXdso1+qZP4F5/3.1","action":"SyncServerConnectionManagerRequest", "result":"SYNC_SERVER_OK", "context":{"environment":"Prod_EastAsia_000d", "migrationStage":"NotStarted", "server":"GENERAL0100002A"}}
{"logTime": "0710/033037", "correlationVector":"sT9rCz6OXdso1+qZP4F5/3.2","action":"GetUpdates Response", "result":"Success", "context":Received 0 update(s). cV=sT9rCz6OXdso1+qZP4F5/3.0;server=GENERAL0100002A;cloudType=Consumer;environment=Prod_EastAsia_000d;migrationStage=NotStarted}
{"logTime": "0710/033037", "correlationVector":"MVhgU1EC89JT1KhnYpcXkD","action":"DoCompareDataConsistency requsted types: ", "result":"Send Tab To Self, Encryption Keys"}
{"logTime": "0710/033037", "correlationVector":"MVhgU1EC89JT1KhnYpcXkD.0","action":"CompareDataConsistency result: ", "result":"Compare result: Encryption Keys is consistent. local entities count is: 1 local entities hash is: 2zpOquoPVJBuWRXxz5Hs0rOtnxQ="}
{"logTime": "0710/033037", "correlationVector":"MVhgU1EC89JT1KhnYpcXkD.1","action":"CompareDataConsistency result: ", "result":"Server did not send this Send Tab To Self local entities count is: 0 local entities hash is: "}
{"logTime": "0710/033037", "correlationVector":"ZEJFhQUFIw0rqwezDnChRU","action":"Poll GetUpdate request", "result":"", "context":cV=ZEJFhQUFIw0rqwezDnChRU}
{"logTime": "0710/033037", "correlationVector":"ZEJFhQUFIw0rqwezDnChRU.1","action":"SyncServerConnectionManagerRequest", "result":"SYNC_SERVER_OK", "context":{"environment":"Prod_EastAsia_000d", "migrationStage":"NotStarted", "server":"GENERAL0100000H"}}
{"logTime": "0710/033037", "correlationVector":"ZEJFhQUFIw0rqwezDnChRU.2","action":"GetUpdates Response", "result":"Success", "context":Received 0 update(s). cV=ZEJFhQUFIw0rqwezDnChRU.0;server=GENERAL0100000H;cloudType=Consumer;environment=Prod_EastAsia_000d;migrationStage=NotStarted}
{"logTime": "0710/033037", "correlationVector":"","action":"DIAGNOSTIC_REQUEST|v1/diagnosticData/Diagnostic.SendCheckResult()|SUCCESS", "result":""}
{"logTime": "0710/033037", "correlationVector":"","action":"SyncDiagnosticRequest::ProcessDiagnosticResponse", "result":"DIAGNOSTIC_REQUEST|v1/diagnosticData/Diagnostic.SendCheckResult()|SUCCESS"}
{"logTime": "0710/033535", "correlationVector":"/tQfxMfqxcRdJweh+N2TC/","action":"Normal GetUpdate request", "result":"", "context":cV=/tQfxMfqxcRdJweh+N2TC/
Refresh requested types: Device Info, User Consents, Send Tab To Self, Encryption Keys}
{"logTime": "0710/033535", "correlationVector":"/tQfxMfqxcRdJweh+N2TC/.1","action":"SyncServerConnectionManagerRequest", "result":"SYNC_SERVER_OK", "context":{"environment":"Prod_EastAsia_000d", "migrationStage":"NotStarted", "server":"GENERAL0100002C"}}
{"logTime": "0710/033535", "correlationVector":"/tQfxMfqxcRdJweh+N2TC/.2","action":"GetUpdates Response", "result":"Success", "context":Received 0 update(s). cV=/tQfxMfqxcRdJweh+N2TC/.0;server=GENERAL0100002C;cloudType=Consumer;environment=Prod_EastAsia_000d;migrationStage=NotStarted}
{"logTime": "0711/073518", "correlationVector":"A7NQ+OyS5JX+6rzgCdb/7w.1","action":"SyncServerConnectionManagerRequest", "result":"SYNC_SERVER_OK", "context":{"environment":"Prod_EastAsia_000d", "migrationStage":"NotStarted", "server":"GENERAL01000006"}}
{"logTime": "0711/073519", "correlationVector":"eL9USA6DQaVxtktUn3j6p/","action":"SyncServerConnectionManagerRequest", "result":"SYNC_SERVER_OK", "context":{"environment":"", "migrationStage":"", "server":""}}
{"logTime": "0711/073519", "correlationVector":"A7NQ+OyS5JX+6rzgCdb/7w","action":"Initial GetUpdates", "result":"", "context":Reason: NEW_CLIENT. cV=A7NQ+OyS5JX+6rzgCdb/7w}
{"logTime": "0711/073519", "correlationVector":"A7NQ+OyS5JX+6rzgCdb/7w.2","action":"GetUpdates Response", "result":"Success", "context":Received 1 update(s). cV=A7NQ+OyS5JX+6rzgCdb/7w.0;server=GENERAL01000006;cloudType=Consumer;environment=Prod_EastAsia_000d;migrationStage=NotStarted}
{"logTime": "0711/073519", "correlationVector":"423H4DnhiKuPy7+gKh9OxK","action":"Normal GetUpdate request", "result":"", "context":cV=423H4DnhiKuPy7+gKh9OxK
Nudged types: Device Info
Refresh requested types: Device Info, User Consents, Send Tab To Self, Encryption Keys}
{"logTime": "0711/073519", "correlationVector":"423H4DnhiKuPy7+gKh9OxK.1","action":"SyncServerConnectionManagerRequest", "result":"SYNC_SERVER_OK", "context":{"environment":"Prod_EastAsia_000d", "migrationStage":"NotStarted", "server":"GENERAL0100001R"}}
{"logTime": "0711/073519", "correlationVector":"423H4DnhiKuPy7+gKh9OxK.2","action":"GetUpdates Response", "result":"Success", "context":Received 0 update(s). cV=423H4DnhiKuPy7+gKh9OxK.0;server=GENERAL0100001R;cloudType=Consumer;environment=Prod_EastAsia_000d;migrationStage=NotStarted}
{"logTime": "0711/073519", "correlationVector":"/YKaxXvyxd2PRTILJbLMYc","action":"Commit Request", "result":"", "context":Item count: 1
Contributing types: Device Info}
{"logTime": "0711/073520", "correlationVector":"/YKaxXvyxd2PRTILJbLMYc.1","action":"SyncServerConnectionManagerRequest", "result":"SYNC_SERVER_OK", "context":{"environment":"Prod_EastAsia_000d", "migrationStage":"NotStarted", "server":"GENERAL0100000W"}}
{"logTime": "0711/073520", "correlationVector":"/YKaxXvyxd2PRTILJbLMYc.2","action":"Commit Response", "result":"Success", "context":Result: Success. cV=/YKaxXvyxd2PRTILJbLMYc.0;server=GENERAL0100000W;cloudType=Consumer;environment=Prod_EastAsia_000d;migrationStage=NotStarted}
{"logTime": "0711/073520", "correlationVector":"OuQ9Qj7SSAiiOd8ZiI9fQc","action":"Normal GetUpdate request", "result":"", "context":cV=OuQ9Qj7SSAiiOd8ZiI9fQc
Nudged types: Device Info}
{"logTime": "0711/073521", "correlationVector":"OuQ9Qj7SSAiiOd8ZiI9fQc.1","action":"SyncServerConnectionManagerRequest", "result":"SYNC_SERVER_OK", "context":{"environment":"Prod_EastAsia_000d", "migrationStage":"NotStarted", "server":"GENERAL01000012"}}
{"logTime": "0711/073521", "correlationVector":"OuQ9Qj7SSAiiOd8ZiI9fQc.2","action":"GetUpdates Response", "result":"Success", "context":Received 1 update(s). cV=OuQ9Qj7SSAiiOd8ZiI9fQc.0;server=GENERAL01000012;cloudType=Consumer;environment=Prod_EastAsia_000d;migrationStage=NotStarted}
{"logTime": "0711/073521", "correlationVector":"MZ+zjA/tOSRi6G3RdlZTlT","action":"Poll GetUpdate request", "result":"", "context":cV=MZ+zjA/tOSRi6G3RdlZTlT}
{"logTime": "0711/073521", "correlationVector":"MZ+zjA/tOSRi6G3RdlZTlT.1","action":"SyncServerConnectionManagerRequest", "result":"SYNC_SERVER_OK", "context":{"environment":"Prod_EastAsia_000d", "migrationStage":"NotStarted", "server":"GENERAL01000012"}}
{"logTime": "0711/073521", "correlationVector":"MZ+zjA/tOSRi6G3RdlZTlT.2","action":"GetUpdates Response", "result":"Success", "context":Received 0 update(s). cV=MZ+zjA/tOSRi6G3RdlZTlT.0;server=GENERAL01000012;cloudType=Consumer;environment=Prod_EastAsia_000d;migrationStage=NotStarted}
{"logTime": "0711/074016", "correlationVector":"3sm/aqtXX/yoLa5ScKBV5Z","action":"Normal GetUpdate request", "result":"", "context":cV=3sm/aqtXX/yoLa5ScKBV5Z
Refresh requested types: Device Info, User Consents, Send Tab To Self, Encryption Keys}
{"logTime": "0711/074017", "correlationVector":"3sm/aqtXX/yoLa5ScKBV5Z.1","action":"SyncServerConnectionManagerRequest", "result":"SYNC_SERVER_OK", "context":{"environment":"Prod_EastAsia_000d", "migrationStage":"NotStarted", "server":"GENERAL0100001Z"}}
{"logTime": "0711/074017", "correlationVector":"3sm/aqtXX/yoLa5ScKBV5Z.2","action":"GetUpdates Response", "result":"Success", "context":Received 0 update(s). cV=3sm/aqtXX/yoLa5ScKBV5Z.0;server=GENERAL0100001Z;cloudType=Consumer;environment=Prod_EastAsia_000d;migrationStage=NotStarted}
{"logTime": "0711/074643", "correlationVector":"EluNghvdP0IRtZfS5zPdyR.1","action":"SyncServerConnectionManagerRequest", "result":"SYNC_SERVER_OK", "context":{"environment":"Prod_EastAsia_000d", "migrationStage":"NotStarted", "server":"GENERAL0100002A"}}
{"logTime": "0711/074643", "correlationVector":"35EwFloJGImYnhjD7JGBDl","action":"SyncServerConnectionManagerRequest", "result":"SYNC_SERVER_OK", "context":{"environment":"", "migrationStage":"", "server":""}}
{"logTime": "0711/074643", "correlationVector":"EluNghvdP0IRtZfS5zPdyR","action":"Initial GetUpdates", "result":"", "context":Reason: NEW_CLIENT. cV=EluNghvdP0IRtZfS5zPdyR}
{"logTime": "0711/074643", "correlationVector":"EluNghvdP0IRtZfS5zPdyR.2","action":"GetUpdates Response", "result":"Success", "context":Received 1 update(s). cV=EluNghvdP0IRtZfS5zPdyR.0;server=GENERAL0100002A;cloudType=Consumer;environment=Prod_EastAsia_000d;migrationStage=NotStarted}
{"logTime": "0711/074643", "correlationVector":"vbSORGT+i6g6y2lIXZpFTr","action":"Normal GetUpdate request", "result":"", "context":cV=vbSORGT+i6g6y2lIXZpFTr
Refresh requested types: Device Info, User Consents, Send Tab To Self, Encryption Keys}
{"logTime": "0711/074643", "correlationVector":"vbSORGT+i6g6y2lIXZpFTr.1","action":"SyncServerConnectionManagerRequest", "result":"SYNC_SERVER_OK", "context":{"environment":"Prod_EastAsia_000d", "migrationStage":"NotStarted", "server":"GENERAL0100001U"}}
{"logTime": "0711/074643", "correlationVector":"vbSORGT+i6g6y2lIXZpFTr.2","action":"GetUpdates Response", "result":"Success", "context":Received 0 update(s). cV=vbSORGT+i6g6y2lIXZpFTr.0;server=GENERAL0100001U;cloudType=Consumer;environment=Prod_EastAsia_000d;migrationStage=NotStarted}
{"logTime": "0711/075053", "correlationVector":"jeZdRoS3o5CZRvqtONHwl1","action":"Normal GetUpdate request", "result":"", "context":cV=jeZdRoS3o5CZRvqtONHwl1
Refresh requested types: Device Info, User Consents, Send Tab To Self, Encryption Keys}
{"logTime": "0711/075054", "correlationVector":"jeZdRoS3o5CZRvqtONHwl1.1","action":"SyncServerConnectionManagerRequest", "result":"SYNC_SERVER_OK", "context":{"environment":"Prod_EastAsia_000d", "migrationStage":"NotStarted", "server":"GENERAL0100002C"}}
{"logTime": "0711/075054", "correlationVector":"jeZdRoS3o5CZRvqtONHwl1.2","action":"GetUpdates Response", "result":"Success", "context":Received 0 update(s). cV=jeZdRoS3o5CZRvqtONHwl1.0;server=GENERAL0100002C;cloudType=Consumer;environment=Prod_EastAsia_000d;migrationStage=NotStarted}
{"logTime": "0711/124605", "correlationVector":"zo0YUJY+7FhXcovX9Ye4cO.1","action":"SyncServerConnectionManagerRequest", "result":"SYNC_SERVER_OK", "context":{"environment":"Prod_EastAsia_000d", "migrationStage":"NotStarted", "server":"GENERAL0100001N"}}
{"logTime": "0711/124605", "correlationVector":"uhYnPXTB3FAA+1Rz4YA2P+","action":"SyncServerConnectionManagerRequest", "result":"SYNC_SERVER_OK", "context":{"environment":"", "migrationStage":"", "server":""}}
{"logTime": "0711/124605", "correlationVector":"zo0YUJY+7FhXcovX9Ye4cO","action":"Initial GetUpdates", "result":"", "context":Reason: NEW_CLIENT. cV=zo0YUJY+7FhXcovX9Ye4cO}
{"logTime": "0711/124605", "correlationVector":"zo0YUJY+7FhXcovX9Ye4cO.2","action":"GetUpdates Response", "result":"Success", "context":Received 1 update(s). cV=zo0YUJY+7FhXcovX9Ye4cO.0;server=GENERAL0100001N;cloudType=Consumer;environment=Prod_EastAsia_000d;migrationStage=NotStarted}
{"logTime": "0711/124605", "correlationVector":"gJvo9Eq9gpBBeplueD+g0a","action":"Normal GetUpdate request", "result":"", "context":cV=gJvo9Eq9gpBBeplueD+g0a
Refresh requested types: Device Info, User Consents, Send Tab To Self, Encryption Keys}
{"logTime": "0711/124606", "correlationVector":"gJvo9Eq9gpBBeplueD+g0a.1","action":"SyncServerConnectionManagerRequest", "result":"SYNC_SERVER_OK", "context":{"environment":"Prod_EastAsia_000d", "migrationStage":"NotStarted", "server":"GENERAL0100001R"}}
{"logTime": "0711/124606", "correlationVector":"gJvo9Eq9gpBBeplueD+g0a.2","action":"GetUpdates Response", "result":"Success", "context":Received 0 update(s). cV=gJvo9Eq9gpBBeplueD+g0a.0;server=GENERAL0100001R;cloudType=Consumer;environment=Prod_EastAsia_000d;migrationStage=NotStarted}
{"logTime": "0711/125104", "correlationVector":"zgETvwFuKom6GLJCXFBQKU","action":"Normal GetUpdate request", "result":"", "context":cV=zgETvwFuKom6GLJCXFBQKU
Refresh requested types: Device Info, User Consents, Send Tab To Self, Encryption Keys}
{"logTime": "0711/125104", "correlationVector":"zgETvwFuKom6GLJCXFBQKU.1","action":"SyncServerConnectionManagerRequest", "result":"SYNC_SERVER_OK", "context":{"environment":"Prod_EastAsia_000d", "migrationStage":"NotStarted", "server":"GENERAL0100000R"}}
{"logTime": "0711/125104", "correlationVector":"zgETvwFuKom6GLJCXFBQKU.2","action":"GetUpdates Response", "result":"Success", "context":Received 0 update(s). cV=zgETvwFuKom6GLJCXFBQKU.0;server=GENERAL0100000R;cloudType=Consumer;environment=Prod_EastAsia_000d;migrationStage=NotStarted}
{"logTime": "0711/132511", "correlationVector":"AH3RrPSCoiEpMprsnwZyF9.1","action":"SyncServerConnectionManagerRequest", "result":"SYNC_SERVER_OK", "context":{"environment":"Prod_EastAsia_000d", "migrationStage":"NotStarted", "server":"GENERAL01000006"}}
{"logTime": "0711/132511", "correlationVector":"45/n0HRvXhNijfKjVQ68AC","action":"SyncServerConnectionManagerRequest", "result":"SYNC_SERVER_OK", "context":{"environment":"", "migrationStage":"", "server":""}}
{"logTime": "0711/132511", "correlationVector":"AH3RrPSCoiEpMprsnwZyF9","action":"Initial GetUpdates", "result":"", "context":Reason: NEW_CLIENT. cV=AH3RrPSCoiEpMprsnwZyF9}
{"logTime": "0711/132511", "correlationVector":"AH3RrPSCoiEpMprsnwZyF9.2","action":"GetUpdates Response", "result":"Success", "context":Received 1 update(s). cV=AH3RrPSCoiEpMprsnwZyF9.0;server=GENERAL01000006;cloudType=Consumer;environment=Prod_EastAsia_000d;migrationStage=NotStarted}
{"logTime": "0711/132511", "correlationVector":"JVthFyl6/ATAEPYD+/P1ou","action":"Normal GetUpdate request", "result":"", "context":cV=JVthFyl6/ATAEPYD+/P1ou
Refresh requested types: Device Info, User Consents, Send Tab To Self, Encryption Keys}
{"logTime": "0711/132512", "correlationVector":"JVthFyl6/ATAEPYD+/P1ou.1","action":"SyncServerConnectionManagerRequest", "result":"SYNC_SERVER_OK", "context":{"environment":"Prod_EastAsia_000d", "migrationStage":"NotStarted", "server":"GENERAL0100000Q"}}
{"logTime": "0711/132512", "correlationVector":"JVthFyl6/ATAEPYD+/P1ou.2","action":"GetUpdates Response", "result":"Success", "context":Received 0 update(s). cV=JVthFyl6/ATAEPYD+/P1ou.0;server=GENERAL0100000Q;cloudType=Consumer;environment=Prod_EastAsia_000d;migrationStage=NotStarted}
{"logTime": "0711/133116", "correlationVector":"eNhb2ks7fvFKzMNuiHrgep.1","action":"SyncServerConnectionManagerRequest", "result":"SYNC_SERVER_OK", "context":{"environment":"Prod_EastAsia_000d", "migrationStage":"NotStarted", "server":"GENERAL0100001S"}}
{"logTime": "0711/133117", "correlationVector":"6JTXMgvRaEL5Uix2wr/XCv","action":"SyncServerConnectionManagerRequest", "result":"SYNC_SERVER_OK", "context":{"environment":"", "migrationStage":"", "server":""}}
{"logTime": "0711/133117", "correlationVector":"eNhb2ks7fvFKzMNuiHrgep","action":"Initial GetUpdates", "result":"", "context":Reason: NEW_CLIENT. cV=eNhb2ks7fvFKzMNuiHrgep}
{"logTime": "0711/133117", "correlationVector":"eNhb2ks7fvFKzMNuiHrgep.2","action":"GetUpdates Response", "result":"Success", "context":Received 1 update(s). cV=eNhb2ks7fvFKzMNuiHrgep.0;server=GENERAL0100001S;cloudType=Consumer;environment=Prod_EastAsia_000d;migrationStage=NotStarted}
{"logTime": "0711/133117", "correlationVector":"TI6NIkHGvpT0IJlWzJv2Cd","action":"Normal GetUpdate request", "result":"", "context":cV=TI6NIkHGvpT0IJlWzJv2Cd
Refresh requested types: Device Info, User Consents, Send Tab To Self, Encryption Keys}
{"logTime": "0711/133117", "correlationVector":"TI6NIkHGvpT0IJlWzJv2Cd.1","action":"SyncServerConnectionManagerRequest", "result":"SYNC_SERVER_OK", "context":{"environment":"Prod_EastAsia_000d", "migrationStage":"NotStarted", "server":"GENERAL0100001M"}}
{"logTime": "0711/133117", "correlationVector":"TI6NIkHGvpT0IJlWzJv2Cd.2","action":"GetUpdates Response", "result":"Success", "context":Received 0 update(s). cV=TI6NIkHGvpT0IJlWzJv2Cd.0;server=GENERAL0100001M;cloudType=Consumer;environment=Prod_EastAsia_000d;migrationStage=NotStarted}
{"logTime": "0711/133616", "correlationVector":"hopyMiu+9L7ZpXY8SusraD","action":"Normal GetUpdate request", "result":"", "context":cV=hopyMiu+9L7ZpXY8SusraD
Refresh requested types: Device Info, User Consents, Send Tab To Self, Encryption Keys}
{"logTime": "0711/133616", "correlationVector":"hopyMiu+9L7ZpXY8SusraD.1","action":"SyncServerConnectionManagerRequest", "result":"SYNC_SERVER_OK", "context":{"environment":"Prod_EastAsia_000d", "migrationStage":"NotStarted", "server":"GENERAL0100001Z"}}
{"logTime": "0711/133616", "correlationVector":"hopyMiu+9L7ZpXY8SusraD.2","action":"GetUpdates Response", "result":"Success", "context":Received 0 update(s). cV=hopyMiu+9L7ZpXY8SusraD.0;server=GENERAL0100001Z;cloudType=Consumer;environment=Prod_EastAsia_000d;migrationStage=NotStarted}
{"logTime": "0711/153521", "correlationVector":"6B9Pmql0OolAYYMX368ZwZ","action":"Poll GetUpdate request", "result":"", "context":cV=6B9Pmql0OolAYYMX368ZwZ}
{"logTime": "0711/153522", "correlationVector":"6B9Pmql0OolAYYMX368ZwZ.1","action":"SyncServerConnectionManagerRequest", "result":"SYNC_SERVER_OK", "context":{"environment":"Prod_EastAsia_000d", "migrationStage":"NotStarted", "server":"GENERAL01000012"}}
{"logTime": "0711/153522", "correlationVector":"6B9Pmql0OolAYYMX368ZwZ.2","action":"GetUpdates Response", "result":"Success", "context":Received 0 update(s). cV=6B9Pmql0OolAYYMX368ZwZ.0;server=GENERAL01000012;cloudType=Consumer;environment=Prod_EastAsia_000d;migrationStage=NotStarted}
{"logTime": "0712/115110", "correlationVector":"Z41lTZiCVSPa/+aH9j7HWu.1","action":"SyncServerConnectionManagerRequest", "result":"SYNC_SERVER_OK", "context":{"environment":"Prod_EastAsia_000d", "migrationStage":"NotStarted", "server":"GENERAL0100001F"}}
{"logTime": "0712/115112", "correlationVector":"rXKHMHUQRo1iXXRGplIxyV","action":"SyncServerConnectionManagerRequest", "result":"SYNC_SERVER_OK", "context":{"environment":"", "migrationStage":"", "server":""}}
{"logTime": "0712/115112", "correlationVector":"Z41lTZiCVSPa/+aH9j7HWu","action":"Initial GetUpdates", "result":"", "context":Reason: NEW_CLIENT. cV=Z41lTZiCVSPa/+aH9j7HWu}
{"logTime": "0712/115112", "correlationVector":"Z41lTZiCVSPa/+aH9j7HWu.2","action":"GetUpdates Response", "result":"Success", "context":Received 1 update(s). cV=Z41lTZiCVSPa/+aH9j7HWu.0;server=GENERAL0100001F;cloudType=Consumer;environment=Prod_EastAsia_000d;migrationStage=NotStarted}
{"logTime": "0712/115112", "correlationVector":"LyLjBvqqPNyv9PHNroapBz","action":"Normal GetUpdate request", "result":"", "context":cV=LyLjBvqqPNyv9PHNroapBz
Nudged types: Device Info
Refresh requested types: Device Info, User Consents, Send Tab To Self, Encryption Keys}
{"logTime": "0712/115116", "correlationVector":"LyLjBvqqPNyv9PHNroapBz.1","action":"SyncServerConnectionManagerRequest", "result":"SYNC_SERVER_OK", "context":{"environment":"Prod_EastAsia_000d", "migrationStage":"NotStarted", "server":"GENERAL01000011"}}
{"logTime": "0712/115116", "correlationVector":"LyLjBvqqPNyv9PHNroapBz.2","action":"GetUpdates Response", "result":"Success", "context":Received 1 update(s). cV=LyLjBvqqPNyv9PHNroapBz.0;server=GENERAL01000011;cloudType=Consumer;environment=Prod_EastAsia_000d;migrationStage=NotStarted}
{"logTime": "0712/115117", "correlationVector":"4RP30L+eVW1FZPfowid4Vp","action":"Poll GetUpdate request", "result":"", "context":cV=4RP30L+eVW1FZPfowid4Vp}
{"logTime": "0712/115117", "correlationVector":"4RP30L+eVW1FZPfowid4Vp.1","action":"SyncServerConnectionManagerRequest", "result":"SYNC_SERVER_OK", "context":{"environment":"Prod_EastAsia_000d", "migrationStage":"NotStarted", "server":"GENERAL0100000E"}}
{"logTime": "0712/115117", "correlationVector":"4RP30L+eVW1FZPfowid4Vp.2","action":"GetUpdates Response", "result":"Success", "context":Received 0 update(s). cV=4RP30L+eVW1FZPfowid4Vp.0;server=GENERAL0100000E;cloudType=Consumer;environment=Prod_EastAsia_000d;migrationStage=NotStarted}
{"logTime": "0712/115609", "correlationVector":"7GmEciE/MtHbYkOYBg19Hy","action":"Normal GetUpdate request", "result":"", "context":cV=7GmEciE/MtHbYkOYBg19Hy
Refresh requested types: Device Info, User Consents, Send Tab To Self, Encryption Keys}
{"logTime": "0712/115609", "correlationVector":"7GmEciE/MtHbYkOYBg19Hy.1","action":"SyncServerConnectionManagerRequest", "result":"SYNC_SERVER_OK", "context":{"environment":"Prod_EastAsia_000d", "migrationStage":"NotStarted", "server":"GENERAL0100001F"}}
{"logTime": "0712/115609", "correlationVector":"7GmEciE/MtHbYkOYBg19Hy.2","action":"GetUpdates Response", "result":"Success", "context":Received 0 update(s). cV=7GmEciE/MtHbYkOYBg19Hy.0;server=GENERAL0100001F;cloudType=Consumer;environment=Prod_EastAsia_000d;migrationStage=NotStarted}
{"logTime": "0712/120213", "correlationVector":"TQCOA7SkhITh2PxyjR9ewt","action":"Normal GetUpdate request", "result":"", "context":cV=TQCOA7SkhITh2PxyjR9ewt
Refresh requested types: Device Info, User Consents, Send Tab To Self, Encryption Keys}
{"logTime": "0712/120214", "correlationVector":"TQCOA7SkhITh2PxyjR9ewt.1","action":"SyncServerConnectionManagerRequest", "result":"SYNC_SERVER_OK", "context":{"environment":"Prod_EastAsia_000d", "migrationStage":"NotStarted", "server":"GENERAL0100000R"}}
{"logTime": "0712/120214", "correlationVector":"TQCOA7SkhITh2PxyjR9ewt.2","action":"GetUpdates Response", "result":"Success", "context":Received 0 update(s). cV=TQCOA7SkhITh2PxyjR9ewt.0;server=GENERAL0100000R;cloudType=Consumer;environment=Prod_EastAsia_000d;migrationStage=NotStarted}
{"logTime": "0712/122800", "correlationVector":"aqvPQcrGh1iaET9ZY2D8b1","action":"Normal GetUpdate request", "result":"", "context":cV=aqvPQcrGh1iaET9ZY2D8b1
Refresh requested types: Device Info, User Consents, Send Tab To Self, Encryption Keys}
{"logTime": "0712/122810", "correlationVector":"aqvPQcrGh1iaET9ZY2D8b1.1","action":"SyncServerConnectionManagerRequest", "result":"SYNC_SERVER_OK", "context":{"environment":"Prod_EastAsia_000d", "migrationStage":"NotStarted", "server":"GENERAL01000009"}}
{"logTime": "0712/122810", "correlationVector":"aqvPQcrGh1iaET9ZY2D8b1.2","action":"GetUpdates Response", "result":"Success", "context":Received 0 update(s). cV=aqvPQcrGh1iaET9ZY2D8b1.0;server=GENERAL01000009;cloudType=Consumer;environment=Prod_EastAsia_000d;migrationStage=NotStarted}
{"logTime": "0712/130206", "correlationVector":"aDkBJa/QGUldMZEqKlXGys","action":"Normal GetUpdate request", "result":"", "context":cV=aDkBJa/QGUldMZEqKlXGys
Refresh requested types: Device Info, User Consents, Send Tab To Self, Encryption Keys}
{"logTime": "0712/130213", "correlationVector":"aDkBJa/QGUldMZEqKlXGys.1","action":"SyncServerConnectionManagerRequest", "result":"SYNC_SERVER_OK", "context":{"environment":"Prod_EastAsia_000d", "migrationStage":"NotStarted", "server":"GENERAL0100001C"}}
{"logTime": "0712/130213", "correlationVector":"aDkBJa/QGUldMZEqKlXGys.2","action":"GetUpdates Response", "result":"Success", "context":Received 0 update(s). cV=aDkBJa/QGUldMZEqKlXGys.0;server=GENERAL0100001C;cloudType=Consumer;environment=Prod_EastAsia_000d;migrationStage=NotStarted}
{"logTime": "0712/160009", "correlationVector":"b+tSXB2ul0WE+y9+nswv8j","action":"Normal GetUpdate request", "result":"", "context":cV=b+tSXB2ul0WE+y9+nswv8j
Refresh requested types: Device Info, User Consents, Send Tab To Self, Encryption Keys}
{"logTime": "0712/160010", "correlationVector":"b+tSXB2ul0WE+y9+nswv8j.1","action":"SyncServerConnectionManagerRequest", "result":"SYNC_SERVER_OK", "context":{"environment":"Prod_EastAsia_000d", "migrationStage":"NotStarted", "server":"GENERAL0100000Q"}}
{"logTime": "0712/160010", "correlationVector":"b+tSXB2ul0WE+y9+nswv8j.2","action":"GetUpdates Response", "result":"Success", "context":Received 0 update(s). cV=b+tSXB2ul0WE+y9+nswv8j.0;server=GENERAL0100000Q;cloudType=Consumer;environment=Prod_EastAsia_000d;migrationStage=NotStarted}
{"logTime": "0712/165240", "correlationVector":"sHhcBdSOon6DRLgIepMJfj","action":"Normal GetUpdate request", "result":"", "context":cV=sHhcBdSOon6DRLgIepMJfj
Refresh requested types: Device Info, User Consents, Send Tab To Self, Encryption Keys}
{"logTime": "0712/165240", "correlationVector":"sHhcBdSOon6DRLgIepMJfj.1","action":"SyncServerConnectionManagerRequest", "result":"SYNC_AUTH_ERROR", "context":{"environment":"Prod_EastAsia_000d", "migrationStage":"NotStarted", "server":"GENERAL0100001B"}}
{"logTime": "0712/165240", "correlationVector":"sHhcBdSOon6DRLgIepMJfj.2","action":"GetUpdates Response", "result":"HTTP error (401)", "context":Received error: HTTP error (401). cV=sHhcBdSOon6DRLgIepMJfj.0;server=GENERAL0100001B;cloudType=Undetermined;environment=Prod_EastAsia_000d;migrationStage=NotStarted}
{"logTime": "0712/165241", "correlationVector":"xboQxc0li0i8a3EHF/WZpA","action":"Normal GetUpdate request", "result":"", "context":cV=xboQxc0li0i8a3EHF/WZpA
Refresh requested types: Device Info, User Consents, Send Tab To Self, Encryption Keys}
{"logTime": "0712/165243", "correlationVector":"xboQxc0li0i8a3EHF/WZpA.1","action":"SyncServerConnectionManagerRequest", "result":"SYNC_SERVER_OK", "context":{"environment":"Prod_EastAsia_000d", "migrationStage":"NotStarted", "server":"GENERAL01000001"}}
{"logTime": "0712/165243", "correlationVector":"xboQxc0li0i8a3EHF/WZpA.2","action":"GetUpdates Response", "result":"Success", "context":Received 0 update(s). cV=xboQxc0li0i8a3EHF/WZpA.0;server=GENERAL01000001;cloudType=Consumer;environment=Prod_EastAsia_000d;migrationStage=NotStarted}
{"logTime": "0712/165243", "correlationVector":"TAzrzi+HdkKHp1xiQrLqWe","action":"DoCompareDataConsistency requsted types: ", "result":"Send Tab To Self, Encryption Keys"}
{"logTime": "0712/165243", "correlationVector":"TAzrzi+HdkKHp1xiQrLqWe.0","action":"CompareDataConsistency result: ", "result":"Compare result: Encryption Keys is consistent. local entities count is: 1 local entities hash is: 2zpOquoPVJBuWRXxz5Hs0rOtnxQ="}
{"logTime": "0712/165243", "correlationVector":"TAzrzi+HdkKHp1xiQrLqWe.1","action":"CompareDataConsistency result: ", "result":"Server did not send this Send Tab To Self local entities count is: 0 local entities hash is: "}
{"logTime": "0712/165243", "correlationVector":"","action":"DIAGNOSTIC_REQUEST|v1/diagnosticData/Diagnostic.SendCheckResult()|SUCCESS", "result":""}
{"logTime": "0712/165243", "correlationVector":"","action":"SyncDiagnosticRequest::ProcessDiagnosticResponse", "result":"DIAGNOSTIC_REQUEST|v1/diagnosticData/Diagnostic.SendCheckResult()|SUCCESS"}
{"logTime": "0712/173717", "correlationVector":"I6q883yoHcfzApi0D1FZsK","action":"Normal GetUpdate request", "result":"", "context":cV=I6q883yoHcfzApi0D1FZsK
Refresh requested types: Device Info, User Consents, Send Tab To Self, Encryption Keys}
{"logTime": "0712/173718", "correlationVector":"I6q883yoHcfzApi0D1FZsK.1","action":"SyncServerConnectionManagerRequest", "result":"SYNC_SERVER_OK", "context":{"environment":"Prod_EastAsia_000d", "migrationStage":"NotStarted", "server":"GENERAL0100000T"}}
{"logTime": "0712/173718", "correlationVector":"I6q883yoHcfzApi0D1FZsK.2","action":"GetUpdates Response", "result":"Success", "context":Received 0 update(s). cV=I6q883yoHcfzApi0D1FZsK.0;server=GENERAL0100000T;cloudType=Consumer;environment=Prod_EastAsia_000d;migrationStage=NotStarted}
{"logTime": "0712/191733", "correlationVector":"cHL1tBsWFz8cFmLPU6OlyQ","action":"Normal GetUpdate request", "result":"", "context":cV=cHL1tBsWFz8cFmLPU6OlyQ
Refresh requested types: Device Info, User Consents, Send Tab To Self, Encryption Keys}
{"logTime": "0712/191734", "correlationVector":"cHL1tBsWFz8cFmLPU6OlyQ.1","action":"SyncServerConnectionManagerRequest", "result":"SYNC_SERVER_OK", "context":{"environment":"Prod_EastAsia_000d", "migrationStage":"NotStarted", "server":"GENERAL01000012"}}
{"logTime": "0712/191734", "correlationVector":"cHL1tBsWFz8cFmLPU6OlyQ.2","action":"GetUpdates Response", "result":"Success", "context":Received 0 update(s). cV=cHL1tBsWFz8cFmLPU6OlyQ.0;server=GENERAL01000012;cloudType=Consumer;environment=Prod_EastAsia_000d;migrationStage=NotStarted}
{"logTime": "0712/195117", "correlationVector":"ckh8Oj6kIquiPVW6BAmkwg","action":"Poll GetUpdate request", "result":"", "context":cV=ckh8Oj6kIquiPVW6BAmkwg}
{"logTime": "0712/195120", "correlationVector":"ckh8Oj6kIquiPVW6BAmkwg.1","action":"SyncServerConnectionManagerRequest", "result":"SYNC_SERVER_OK", "context":{"environment":"Prod_EastAsia_000d", "migrationStage":"NotStarted", "server":"GENERAL0100000D"}}
{"logTime": "0712/195120", "correlationVector":"ckh8Oj6kIquiPVW6BAmkwg.2","action":"GetUpdates Response", "result":"Success", "context":Received 0 update(s). cV=ckh8Oj6kIquiPVW6BAmkwg.0;server=GENERAL0100000D;cloudType=Consumer;environment=Prod_EastAsia_000d;migrationStage=NotStarted}
{"logTime": "0713/014910", "correlationVector":"hPJE/6S8mKYq5+/7Ix/2NU.1","action":"SyncServerConnectionManagerRequest", "result":"SYNC_SERVER_OK", "context":{"environment":"Prod_EastAsia_000d", "migrationStage":"NotStarted", "server":"GENERAL0100000Z"}}
{"logTime": "0713/014911", "correlationVector":"vRxo+Zcu3ic6QUCNt7/OHC","action":"SyncServerConnectionManagerRequest", "result":"SYNC_SERVER_OK", "context":{"environment":"", "migrationStage":"", "server":""}}
{"logTime": "0713/014911", "correlationVector":"hPJE/6S8mKYq5+/7Ix/2NU","action":"Initial GetUpdates", "result":"", "context":Reason: NEW_CLIENT. cV=hPJE/6S8mKYq5+/7Ix/2NU}
{"logTime": "0713/014911", "correlationVector":"hPJE/6S8mKYq5+/7Ix/2NU.2","action":"GetUpdates Response", "result":"Success", "context":Received 1 update(s). cV=hPJE/6S8mKYq5+/7Ix/2NU.0;server=GENERAL0100000Z;cloudType=Consumer;environment=Prod_EastAsia_000d;migrationStage=NotStarted}
{"logTime": "0713/014911", "correlationVector":"AmIresjwCpBeCZPcjbZLQY","action":"Normal GetUpdate request", "result":"", "context":cV=AmIresjwCpBeCZPcjbZLQY
Refresh requested types: Device Info, User Consents, Send Tab To Self, Encryption Keys}
{"logTime": "0713/014912", "correlationVector":"AmIresjwCpBeCZPcjbZLQY.1","action":"SyncServerConnectionManagerRequest", "result":"SYNC_SERVER_OK", "context":{"environment":"Prod_EastAsia_000d", "migrationStage":"NotStarted", "server":"GENERAL0100000J"}}
{"logTime": "0713/014912", "correlationVector":"AmIresjwCpBeCZPcjbZLQY.2","action":"GetUpdates Response", "result":"Success", "context":Received 0 update(s). cV=AmIresjwCpBeCZPcjbZLQY.0;server=GENERAL0100000J;cloudType=Consumer;environment=Prod_EastAsia_000d;migrationStage=NotStarted}
{"logTime": "0713/015409", "correlationVector":"n03uuP1+n41zqyndkylpP0","action":"Normal GetUpdate request", "result":"", "context":cV=n03uuP1+n41zqyndkylpP0
Refresh requested types: Device Info, User Consents, Send Tab To Self, Encryption Keys}
{"logTime": "0713/015409", "correlationVector":"n03uuP1+n41zqyndkylpP0.1","action":"SyncServerConnectionManagerRequest", "result":"SYNC_SERVER_OK", "context":{"environment":"Prod_EastAsia_000d", "migrationStage":"NotStarted", "server":"GENERAL01000029"}}
{"logTime": "0713/015409", "correlationVector":"n03uuP1+n41zqyndkylpP0.2","action":"GetUpdates Response", "result":"Success", "context":Received 0 update(s). cV=n03uuP1+n41zqyndkylpP0.0;server=GENERAL01000029;cloudType=Consumer;environment=Prod_EastAsia_000d;migrationStage=NotStarted}
{"logTime": "0713/022350", "correlationVector":"Mxv1T6wUzyvVuBfCFF74c9","action":"Normal GetUpdate request", "result":"", "context":cV=Mxv1T6wUzyvVuBfCFF74c9
Refresh requested types: Device Info, User Consents, Send Tab To Self, Encryption Keys}
{"logTime": "0713/022351", "correlationVector":"Mxv1T6wUzyvVuBfCFF74c9.1","action":"SyncServerConnectionManagerRequest", "result":"SYNC_SERVER_OK", "context":{"environment":"Prod_EastAsia_000d", "migrationStage":"NotStarted", "server":"GENERAL0100000D"}}
{"logTime": "0713/022351", "correlationVector":"Mxv1T6wUzyvVuBfCFF74c9.2","action":"GetUpdates Response", "result":"Success", "context":Received 0 update(s). cV=Mxv1T6wUzyvVuBfCFF74c9.0;server=GENERAL0100000D;cloudType=Consumer;environment=Prod_EastAsia_000d;migrationStage=NotStarted}
{"logTime": "0713/025324", "correlationVector":"W7kOQxFUs9BW1sb+LaEvb9","action":"Normal GetUpdate request", "result":"", "context":cV=W7kOQxFUs9BW1sb+LaEvb9
Refresh requested types: Device Info, User Consents, Send Tab To Self, Encryption Keys}
{"logTime": "0713/025325", "correlationVector":"W7kOQxFUs9BW1sb+LaEvb9.1","action":"SyncServerConnectionManagerRequest", "result":"SYNC_SERVER_OK", "context":{"environment":"Prod_EastAsia_000d", "migrationStage":"NotStarted", "server":"GENERAL01000021"}}
{"logTime": "0713/025325", "correlationVector":"W7kOQxFUs9BW1sb+LaEvb9.2","action":"GetUpdates Response", "result":"Success", "context":Received 0 update(s). cV=W7kOQxFUs9BW1sb+LaEvb9.0;server=GENERAL01000021;cloudType=Consumer;environment=Prod_EastAsia_000d;migrationStage=NotStarted}
{"logTime": "0713/145129", "correlationVector":"p6v/o0wEpUzUDBOVzFD1DK.1","action":"SyncServerConnectionManagerRequest", "result":"SYNC_SERVER_OK", "context":{"environment":"Prod_EastAsia_000d", "migrationStage":"NotStarted", "server":"GENERAL0100000K"}}
{"logTime": "0713/145130", "correlationVector":"Kx16mXbd4Yz0hyBNgiKAyv","action":"SyncServerConnectionManagerRequest", "result":"SYNC_SERVER_OK", "context":{"environment":"", "migrationStage":"", "server":""}}
{"logTime": "0713/145130", "correlationVector":"p6v/o0wEpUzUDBOVzFD1DK","action":"Initial GetUpdates", "result":"", "context":Reason: NEW_CLIENT. cV=p6v/o0wEpUzUDBOVzFD1DK}
{"logTime": "0713/145130", "correlationVector":"p6v/o0wEpUzUDBOVzFD1DK.2","action":"GetUpdates Response", "result":"Success", "context":Received 1 update(s). cV=p6v/o0wEpUzUDBOVzFD1DK.0;server=GENERAL0100000K;cloudType=Consumer;environment=Prod_EastAsia_000d;migrationStage=NotStarted}
{"logTime": "0713/145130", "correlationVector":"bH+plTFtQ6e7qpGjDkp2r/","action":"Normal GetUpdate request", "result":"", "context":cV=bH+plTFtQ6e7qpGjDkp2r/
Nudged types: Device Info
Refresh requested types: Device Info, User Consents, Send Tab To Self, Encryption Keys}
{"logTime": "0713/145130", "correlationVector":"bH+plTFtQ6e7qpGjDkp2r/.1","action":"SyncServerConnectionManagerRequest", "result":"SYNC_SERVER_OK", "context":{"environment":"Prod_EastAsia_000d", "migrationStage":"NotStarted", "server":"GENERAL01000013"}}
{"logTime": "0713/145130", "correlationVector":"bH+plTFtQ6e7qpGjDkp2r/.2","action":"GetUpdates Response", "result":"Success", "context":Received 1 update(s). cV=bH+plTFtQ6e7qpGjDkp2r/.0;server=GENERAL01000013;cloudType=Consumer;environment=Prod_EastAsia_000d;migrationStage=NotStarted}
{"logTime": "0713/145130", "correlationVector":"fPaiQU0E5RqACjSJ3pzftC","action":"Poll GetUpdate request", "result":"", "context":cV=fPaiQU0E5RqACjSJ3pzftC}
{"logTime": "0713/145131", "correlationVector":"fPaiQU0E5RqACjSJ3pzftC.1","action":"SyncServerConnectionManagerRequest", "result":"SYNC_SERVER_OK", "context":{"environment":"Prod_EastAsia_000d", "migrationStage":"NotStarted", "server":"GENERAL0100000U"}}
{"logTime": "0713/145131", "correlationVector":"fPaiQU0E5RqACjSJ3pzftC.2","action":"GetUpdates Response", "result":"Success", "context":Received 0 update(s). cV=fPaiQU0E5RqACjSJ3pzftC.0;server=GENERAL0100000U;cloudType=Consumer;environment=Prod_EastAsia_000d;migrationStage=NotStarted}
{"logTime": "0713/145627", "correlationVector":"EKthbTOFM13+WhkQjwjHMG","action":"Normal GetUpdate request", "result":"", "context":cV=EKthbTOFM13+WhkQjwjHMG
Refresh requested types: Device Info, User Consents, Send Tab To Self, Encryption Keys}
{"logTime": "0713/145627", "correlationVector":"EKthbTOFM13+WhkQjwjHMG.1","action":"SyncServerConnectionManagerRequest", "result":"SYNC_SERVER_OK", "context":{"environment":"Prod_EastAsia_000d", "migrationStage":"NotStarted", "server":"GENERAL0100000D"}}
{"logTime": "0713/145627", "correlationVector":"EKthbTOFM13+WhkQjwjHMG.2","action":"GetUpdates Response", "result":"Success", "context":Received 0 update(s). cV=EKthbTOFM13+WhkQjwjHMG.0;server=GENERAL0100000D;cloudType=Consumer;environment=Prod_EastAsia_000d;migrationStage=NotStarted}
{"logTime": "0715/131513", "correlationVector":"wxuO9yunP5E6ISZV7Q/brg.1","action":"SyncServerConnectionManagerRequest", "result":"SYNC_SERVER_OK", "context":{"environment":"Prod_EastAsia_000d", "migrationStage":"NotStarted", "server":"GENERAL0100001T"}}
{"logTime": "0715/131514", "correlationVector":"GkEZ1hXXJou/u4wgSDhfRr","action":"SyncServerConnectionManagerRequest", "result":"SYNC_SERVER_OK", "context":{"environment":"", "migrationStage":"", "server":""}}
{"logTime": "0715/131514", "correlationVector":"wxuO9yunP5E6ISZV7Q/brg","action":"Initial GetUpdates", "result":"", "context":Reason: NEW_CLIENT. cV=wxuO9yunP5E6ISZV7Q/brg}
{"logTime": "0715/131514", "correlationVector":"wxuO9yunP5E6ISZV7Q/brg.2","action":"GetUpdates Response", "result":"Success", "context":Received 1 update(s). cV=wxuO9yunP5E6ISZV7Q/brg.0;server=GENERAL0100001T;cloudType=Consumer;environment=Prod_EastAsia_000d;migrationStage=NotStarted}
{"logTime": "0715/131514", "correlationVector":"0pod9ckoXPjKN3nx5Kehlt","action":"Normal GetUpdate request", "result":"", "context":cV=0pod9ckoXPjKN3nx5Kehlt
Nudged types: Device Info
Refresh requested types: Device Info, User Consents, Send Tab To Self, Encryption Keys}
{"logTime": "0715/131515", "correlationVector":"0pod9ckoXPjKN3nx5Kehlt.1","action":"SyncServerConnectionManagerRequest", "result":"SYNC_SERVER_OK", "context":{"environment":"Prod_EastAsia_000d", "migrationStage":"NotStarted", "server":"GENERAL0100000P"}}
{"logTime": "0715/131515", "correlationVector":"0pod9ckoXPjKN3nx5Kehlt.2","action":"GetUpdates Response", "result":"Success", "context":Received 0 update(s). cV=0pod9ckoXPjKN3nx5Kehlt.0;server=GENERAL0100000P;cloudType=Consumer;environment=Prod_EastAsia_000d;migrationStage=NotStarted}
{"logTime": "0715/131515", "correlationVector":"bvuPSf4fu/7kYQAfD9x3KZ","action":"Commit Request", "result":"", "context":Item count: 1
Contributing types: Device Info}
{"logTime": "0715/131515", "correlationVector":"bvuPSf4fu/7kYQAfD9x3KZ.1","action":"SyncServerConnectionManagerRequest", "result":"SYNC_SERVER_OK", "context":{"environment":"Prod_EastAsia_000d", "migrationStage":"NotStarted", "server":"GENERAL0100001X"}}
{"logTime": "0715/131515", "correlationVector":"bvuPSf4fu/7kYQAfD9x3KZ.2","action":"Commit Response", "result":"Success", "context":Result: Success. cV=bvuPSf4fu/7kYQAfD9x3KZ.0;server=GENERAL0100001X;cloudType=Consumer;environment=Prod_EastAsia_000d;migrationStage=NotStarted}
{"logTime": "0715/131515", "correlationVector":"zlcurLMeBPAX0I81hXa7r5","action":"Normal GetUpdate request", "result":"", "context":cV=zlcurLMeBPAX0I81hXa7r5
Nudged types: Device Info}
{"logTime": "0715/131516", "correlationVector":"zlcurLMeBPAX0I81hXa7r5.1","action":"SyncServerConnectionManagerRequest", "result":"SYNC_SERVER_OK", "context":{"environment":"Prod_EastAsia_000d", "migrationStage":"NotStarted", "server":"GENERAL0100001C"}}
{"logTime": "0715/131516", "correlationVector":"zlcurLMeBPAX0I81hXa7r5.2","action":"GetUpdates Response", "result":"Success", "context":Received 1 update(s). cV=zlcurLMeBPAX0I81hXa7r5.0;server=GENERAL0100001C;cloudType=Consumer;environment=Prod_EastAsia_000d;migrationStage=NotStarted}
{"logTime": "0715/131516", "correlationVector":"/WLQEIhGWFUziOX7C+RljW","action":"Poll GetUpdate request", "result":"", "context":cV=/WLQEIhGWFUziOX7C+RljW}
{"logTime": "0715/131516", "correlationVector":"/WLQEIhGWFUziOX7C+RljW.1","action":"SyncServerConnectionManagerRequest", "result":"SYNC_SERVER_OK", "context":{"environment":"Prod_EastAsia_000d", "migrationStage":"NotStarted", "server":"GENERAL0100000M"}}
{"logTime": "0715/131516", "correlationVector":"/WLQEIhGWFUziOX7C+RljW.2","action":"GetUpdates Response", "result":"Success", "context":Received 0 update(s). cV=/WLQEIhGWFUziOX7C+RljW.0;server=GENERAL0100000M;cloudType=Consumer;environment=Prod_EastAsia_000d;migrationStage=NotStarted}
{"logTime": "0715/132012", "correlationVector":"JDdShZCDy0EGjqlZWdBb6S","action":"Normal GetUpdate request", "result":"", "context":cV=JDdShZCDy0EGjqlZWdBb6S
Refresh requested types: Device Info, User Consents, Send Tab To Self, Encryption Keys}
{"logTime": "0715/132012", "correlationVector":"JDdShZCDy0EGjqlZWdBb6S.1","action":"SyncServerConnectionManagerRequest", "result":"SYNC_SERVER_OK", "context":{"environment":"Prod_EastAsia_000d", "migrationStage":"NotStarted", "server":"GENERAL01000017"}}
{"logTime": "0715/132012", "correlationVector":"JDdShZCDy0EGjqlZWdBb6S.2","action":"GetUpdates Response", "result":"Success", "context":Received 0 update(s). cV=JDdShZCDy0EGjqlZWdBb6S.0;server=GENERAL01000017;cloudType=Consumer;environment=Prod_EastAsia_000d;migrationStage=NotStarted}
{"logTime": "0716/072518", "correlationVector":"JXj1W4qAJd/hHL3N2m00gI.1","action":"SyncServerConnectionManagerRequest", "result":"SYNC_SERVER_OK", "context":{"environment":"Prod_EastAsia_000d", "migrationStage":"NotStarted", "server":"GENERAL0100002C"}}
{"logTime": "0716/072519", "correlationVector":"Wxwz5EGxC0B0nrFxo8IVPP","action":"SyncServerConnectionManagerRequest", "result":"SYNC_SERVER_OK", "context":{"environment":"", "migrationStage":"", "server":""}}
{"logTime": "0716/072519", "correlationVector":"JXj1W4qAJd/hHL3N2m00gI","action":"Initial GetUpdates", "result":"", "context":Reason: NEW_CLIENT. cV=JXj1W4qAJd/hHL3N2m00gI}
{"logTime": "0716/072519", "correlationVector":"JXj1W4qAJd/hHL3N2m00gI.2","action":"GetUpdates Response", "result":"Success", "context":Received 1 update(s). cV=JXj1W4qAJd/hHL3N2m00gI.0;server=GENERAL0100002C;cloudType=Consumer;environment=Prod_EastAsia_000d;migrationStage=NotStarted}
{"logTime": "0716/072519", "correlationVector":"UeczmdwTMJIYoD3pg3wwkq","action":"Normal GetUpdate request", "result":"", "context":cV=UeczmdwTMJIYoD3pg3wwkq
Refresh requested types: Device Info, User Consents, Send Tab To Self, Encryption Keys}
{"logTime": "0716/072519", "correlationVector":"UeczmdwTMJIYoD3pg3wwkq.1","action":"SyncServerConnectionManagerRequest", "result":"SYNC_SERVER_OK", "context":{"environment":"Prod_EastAsia_000d", "migrationStage":"NotStarted", "server":"GENERAL0100001H"}}
{"logTime": "0716/072519", "correlationVector":"UeczmdwTMJIYoD3pg3wwkq.2","action":"GetUpdates Response", "result":"Success", "context":Received 0 update(s). cV=UeczmdwTMJIYoD3pg3wwkq.0;server=GENERAL0100001H;cloudType=Consumer;environment=Prod_EastAsia_000d;migrationStage=NotStarted}
{"logTime": "0716/072519", "correlationVector":"lnjdp1V0KWWTaAMOIRn13O","action":"Poll GetUpdate request", "result":"", "context":cV=lnjdp1V0KWWTaAMOIRn13O}
{"logTime": "0716/072519", "correlationVector":"lnjdp1V0KWWTaAMOIRn13O.1","action":"SyncServerConnectionManagerRequest", "result":"SYNC_SERVER_OK", "context":{"environment":"Prod_EastAsia_000d", "migrationStage":"NotStarted", "server":"GENERAL0100000R"}}
{"logTime": "0716/072519", "correlationVector":"lnjdp1V0KWWTaAMOIRn13O.2","action":"GetUpdates Response", "result":"Success", "context":Received 0 update(s). cV=lnjdp1V0KWWTaAMOIRn13O.0;server=GENERAL0100000R;cloudType=Consumer;environment=Prod_EastAsia_000d;migrationStage=NotStarted}
{"logTime": "0716/073018", "correlationVector":"WpgLuJmQFSKFVvFbP/Ph/5","action":"Normal GetUpdate request", "result":"", "context":cV=WpgLuJmQFSKFVvFbP/Ph/5
Refresh requested types: Device Info, User Consents, Send Tab To Self, Encryption Keys}
{"logTime": "0716/073018", "correlationVector":"WpgLuJmQFSKFVvFbP/Ph/5.1","action":"SyncServerConnectionManagerRequest", "result":"SYNC_SERVER_OK", "context":{"environment":"Prod_EastAsia_000d", "migrationStage":"NotStarted", "server":"GENERAL0100001C"}}
{"logTime": "0716/073018", "correlationVector":"WpgLuJmQFSKFVvFbP/Ph/5.2","action":"GetUpdates Response", "result":"Success", "context":Received 0 update(s). cV=WpgLuJmQFSKFVvFbP/Ph/5.0;server=GENERAL0100001C;cloudType=Consumer;environment=Prod_EastAsia_000d;migrationStage=NotStarted}
{"logTime": "0716/110349", "correlationVector":"TcRt0IWTtrj61EnTdKBTVn.1","action":"SyncServerConnectionManagerRequest", "result":"SYNC_SERVER_OK", "context":{"environment":"Prod_EastAsia_000d", "migrationStage":"NotStarted", "server":"GENERAL01000000"}}
{"logTime": "0716/110350", "correlationVector":"9HHhe9zVsJNtrJCuvwpktJ","action":"SyncServerConnectionManagerRequest", "result":"SYNC_SERVER_OK", "context":{"environment":"", "migrationStage":"", "server":""}}
{"logTime": "0716/110350", "correlationVector":"TcRt0IWTtrj61EnTdKBTVn","action":"Initial GetUpdates", "result":"", "context":Reason: NEW_CLIENT. cV=TcRt0IWTtrj61EnTdKBTVn}
{"logTime": "0716/110350", "correlationVector":"TcRt0IWTtrj61EnTdKBTVn.2","action":"GetUpdates Response", "result":"Success", "context":Received 1 update(s). cV=TcRt0IWTtrj61EnTdKBTVn.0;server=GENERAL01000000;cloudType=Consumer;environment=Prod_EastAsia_000d;migrationStage=NotStarted}
{"logTime": "0716/110350", "correlationVector":"9lRc7AhS846irxy+5gd9PD","action":"Normal GetUpdate request", "result":"", "context":cV=9lRc7AhS846irxy+5gd9PD
Refresh requested types: Device Info, User Consents, Send Tab To Self, Encryption Keys}
{"logTime": "0716/110350", "correlationVector":"9lRc7AhS846irxy+5gd9PD.1","action":"SyncServerConnectionManagerRequest", "result":"SYNC_SERVER_OK", "context":{"environment":"Prod_EastAsia_000d", "migrationStage":"NotStarted", "server":"GENERAL01000023"}}
{"logTime": "0716/110350", "correlationVector":"9lRc7AhS846irxy+5gd9PD.2","action":"GetUpdates Response", "result":"Success", "context":Received 0 update(s). cV=9lRc7AhS846irxy+5gd9PD.0;server=GENERAL01000023;cloudType=Consumer;environment=Prod_EastAsia_000d;migrationStage=NotStarted}
{"logTime": "0716/110849", "correlationVector":"OigLqOj+2rnZOR/NVrti3e","action":"Normal GetUpdate request", "result":"", "context":cV=OigLqOj+2rnZOR/NVrti3e
Refresh requested types: Device Info, User Consents, Send Tab To Self, Encryption Keys}
{"logTime": "0716/110849", "correlationVector":"OigLqOj+2rnZOR/NVrti3e.1","action":"SyncServerConnectionManagerRequest", "result":"SYNC_SERVER_OK", "context":{"environment":"Prod_EastAsia_000d", "migrationStage":"NotStarted", "server":"GENERAL0100001X"}}
{"logTime": "0716/110849", "correlationVector":"OigLqOj+2rnZOR/NVrti3e.2","action":"GetUpdates Response", "result":"Success", "context":Received 0 update(s). cV=OigLqOj+2rnZOR/NVrti3e.0;server=GENERAL0100001X;cloudType=Consumer;environment=Prod_EastAsia_000d;migrationStage=NotStarted}
{"logTime": "0716/113854", "correlationVector":"D57y23KELtPmHMPumIQk37","action":"Normal GetUpdate request", "result":"", "context":cV=D57y23KELtPmHMPumIQk37
Refresh requested types: Device Info, User Consents, Send Tab To Self, Encryption Keys}
{"logTime": "0716/113854", "correlationVector":"D57y23KELtPmHMPumIQk37.1","action":"SyncServerConnectionManagerRequest", "result":"SYNC_AUTH_ERROR", "context":{"environment":"Prod_EastAsia_000d", "migrationStage":"NotStarted", "server":"GENERAL01000022"}}
{"logTime": "0716/113854", "correlationVector":"D57y23KELtPmHMPumIQk37.2","action":"GetUpdates Response", "result":"HTTP error (401)", "context":Received error: HTTP error (401). cV=D57y23KELtPmHMPumIQk37.0;server=GENERAL01000022;cloudType=Undetermined;environment=Prod_EastAsia_000d;migrationStage=NotStarted}
{"logTime": "0716/113855", "correlationVector":"uQ+RQETIkn0Wqh0Pvx0DrT","action":"Normal GetUpdate request", "result":"", "context":cV=uQ+RQETIkn0Wqh0Pvx0DrT
Refresh requested types: Device Info, User Consents, Send Tab To Self, Encryption Keys}
{"logTime": "0716/113855", "correlationVector":"uQ+RQETIkn0Wqh0Pvx0DrT.1","action":"SyncServerConnectionManagerRequest", "result":"SYNC_SERVER_OK", "context":{"environment":"Prod_EastAsia_000d", "migrationStage":"NotStarted", "server":"GENERAL0100000U"}}
{"logTime": "0716/113855", "correlationVector":"uQ+RQETIkn0Wqh0Pvx0DrT.2","action":"GetUpdates Response", "result":"Success", "context":Received 0 update(s). cV=uQ+RQETIkn0Wqh0Pvx0DrT.0;server=GENERAL0100000U;cloudType=Consumer;environment=Prod_EastAsia_000d;migrationStage=NotStarted}
{"logTime": "0716/123347", "correlationVector":"Wn6OdGH6qNBvedLVJo/2x7","action":"Normal GetUpdate request", "result":"", "context":cV=Wn6OdGH6qNBvedLVJo/2x7
Refresh requested types: Device Info, User Consents, Send Tab To Self, Encryption Keys}
{"logTime": "0716/123348", "correlationVector":"Wn6OdGH6qNBvedLVJo/2x7.1","action":"SyncServerConnectionManagerRequest", "result":"SYNC_SERVER_OK", "context":{"environment":"Prod_EastAsia_000d", "migrationStage":"NotStarted", "server":"GENERAL01000029"}}
{"logTime": "0716/123348", "correlationVector":"Wn6OdGH6qNBvedLVJo/2x7.2","action":"GetUpdates Response", "result":"Success", "context":Received 0 update(s). cV=Wn6OdGH6qNBvedLVJo/2x7.0;server=GENERAL01000029;cloudType=Consumer;environment=Prod_EastAsia_000d;migrationStage=NotStarted}
{"logTime": "0716/131502", "correlationVector":"4U2sF7ryRaBvwvTuuEJ0vv","action":"Commit Request", "result":"", "context":Item count: 1
Contributing types: Device Info}
{"logTime": "0716/131503", "correlationVector":"4U2sF7ryRaBvwvTuuEJ0vv.1","action":"SyncServerConnectionManagerRequest", "result":"SYNC_SERVER_OK", "context":{"environment":"Prod_EastAsia_000d", "migrationStage":"NotStarted", "server":"GENERAL0100000K"}}
{"logTime": "0716/131503", "correlationVector":"4U2sF7ryRaBvwvTuuEJ0vv.2","action":"Commit Response", "result":"Success", "context":Result: Success. cV=4U2sF7ryRaBvwvTuuEJ0vv.0;server=GENERAL0100000K;cloudType=Consumer;environment=Prod_EastAsia_000d;migrationStage=NotStarted}
{"logTime": "0716/144532", "correlationVector":"PBILOk1TX2aigDKeUktYmT","action":"Normal GetUpdate request", "result":"", "context":cV=PBILOk1TX2aigDKeUktYmT
Refresh requested types: Device Info, User Consents, Send Tab To Self, Encryption Keys}
{"logTime": "0716/144533", "correlationVector":"PBILOk1TX2aigDKeUktYmT.1","action":"SyncServerConnectionManagerRequest", "result":"SYNC_SERVER_OK", "context":{"environment":"Prod_EastAsia_000d", "migrationStage":"NotStarted", "server":"GENERAL0100000J"}}
{"logTime": "0716/144533", "correlationVector":"PBILOk1TX2aigDKeUktYmT.2","action":"GetUpdates Response", "result":"Success", "context":Received 1 update(s). cV=PBILOk1TX2aigDKeUktYmT.0;server=GENERAL0100000J;cloudType=Consumer;environment=Prod_EastAsia_000d;migrationStage=NotStarted}
{"logTime": "0716/152318", "correlationVector":"PaJmhFI05KHgBldthKtuUQ","action":"Normal GetUpdate request", "result":"", "context":cV=PaJmhFI05KHgBldthKtuUQ
Refresh requested types: Device Info, User Consents, Send Tab To Self, Encryption Keys}
{"logTime": "0716/152320", "correlationVector":"PaJmhFI05KHgBldthKtuUQ.1","action":"SyncServerConnectionManagerRequest", "result":"SYNC_SERVER_OK", "context":{"environment":"Prod_EastAsia_000d", "migrationStage":"NotStarted", "server":"GENERAL0100000T"}}
{"logTime": "0716/152320", "correlationVector":"PaJmhFI05KHgBldthKtuUQ.2","action":"GetUpdates Response", "result":"Success", "context":Received 0 update(s). cV=PaJmhFI05KHgBldthKtuUQ.0;server=GENERAL0100000T;cloudType=Consumer;environment=Prod_EastAsia_000d;migrationStage=NotStarted}
{"logTime": "0716/152519", "correlationVector":"y/qXbaD9bRtZdMx/FAFe4x","action":"Poll GetUpdate request", "result":"", "context":cV=y/qXbaD9bRtZdMx/FAFe4x}
{"logTime": "0716/152520", "correlationVector":"y/qXbaD9bRtZdMx/FAFe4x.1","action":"SyncServerConnectionManagerRequest", "result":"SYNC_SERVER_OK", "context":{"environment":"Prod_EastAsia_000d", "migrationStage":"NotStarted", "server":"GENERAL01000001"}}
{"logTime": "0716/152520", "correlationVector":"y/qXbaD9bRtZdMx/FAFe4x.2","action":"GetUpdates Response", "result":"Success", "context":Received 0 update(s). cV=y/qXbaD9bRtZdMx/FAFe4x.0;server=GENERAL01000001;cloudType=Consumer;environment=Prod_EastAsia_000d;migrationStage=NotStarted}
{"logTime": "0716/152818", "correlationVector":"IVPpm6ZkrPxxem5ctydGR2","action":"Normal GetUpdate request", "result":"", "context":cV=IVPpm6ZkrPxxem5ctydGR2
Refresh requested types: Device Info, User Consents, Send Tab To Self, Encryption Keys}
{"logTime": "0716/152818", "correlationVector":"IVPpm6ZkrPxxem5ctydGR2.1","action":"SyncServerConnectionManagerRequest", "result":"SYNC_SERVER_OK", "context":{"environment":"Prod_EastAsia_000d", "migrationStage":"NotStarted", "server":"GENERAL0100000F"}}
{"logTime": "0716/152818", "correlationVector":"IVPpm6ZkrPxxem5ctydGR2.2","action":"GetUpdates Response", "result":"Success", "context":Received 0 update(s). cV=IVPpm6ZkrPxxem5ctydGR2.0;server=GENERAL0100000F;cloudType=Consumer;environment=Prod_EastAsia_000d;migrationStage=NotStarted}
{"logTime": "0717/120434", "correlationVector":"Nz6BowsKX3JczpzIBzlCmr.1","action":"SyncServerConnectionManagerRequest", "result":"SYNC_SERVER_OK", "context":{"environment":"Prod_EastAsia_000d", "migrationStage":"NotStarted", "server":"GENERAL01000025"}}
{"logTime": "0717/120435", "correlationVector":"vrpg1bozvzIjWpLiWows1b","action":"SyncServerConnectionManagerRequest", "result":"SYNC_SERVER_OK", "context":{"environment":"", "migrationStage":"", "server":""}}
{"logTime": "0717/120435", "correlationVector":"Nz6BowsKX3JczpzIBzlCmr","action":"Initial GetUpdates", "result":"", "context":Reason: NEW_CLIENT. cV=Nz6BowsKX3JczpzIBzlCmr}
{"logTime": "0717/120435", "correlationVector":"Nz6BowsKX3JczpzIBzlCmr.2","action":"GetUpdates Response", "result":"Success", "context":Received 1 update(s). cV=Nz6BowsKX3JczpzIBzlCmr.0;server=GENERAL01000025;cloudType=Consumer;environment=Prod_EastAsia_000d;migrationStage=NotStarted}
{"logTime": "0717/120435", "correlationVector":"xyY17gUgP9xPVSK1B1tdk5","action":"Normal GetUpdate request", "result":"", "context":cV=xyY17gUgP9xPVSK1B1tdk5
Refresh requested types: Device Info, User Consents, Send Tab To Self, Encryption Keys}
{"logTime": "0717/120435", "correlationVector":"xyY17gUgP9xPVSK1B1tdk5.1","action":"SyncServerConnectionManagerRequest", "result":"SYNC_SERVER_OK", "context":{"environment":"Prod_EastAsia_000d", "migrationStage":"NotStarted", "server":"GENERAL0100000E"}}
{"logTime": "0717/120435", "correlationVector":"xyY17gUgP9xPVSK1B1tdk5.2","action":"GetUpdates Response", "result":"Success", "context":Received 0 update(s). cV=xyY17gUgP9xPVSK1B1tdk5.0;server=GENERAL0100000E;cloudType=Consumer;environment=Prod_EastAsia_000d;migrationStage=NotStarted}
{"logTime": "0717/120435", "correlationVector":"J0cq4e7fxcPExJDkQQMlFu","action":"DoCompareDataConsistency requsted types: ", "result":"Send Tab To Self, Encryption Keys"}
{"logTime": "0717/120435", "correlationVector":"J0cq4e7fxcPExJDkQQMlFu.0","action":"CompareDataConsistency result: ", "result":"Compare result: Encryption Keys is consistent. local entities count is: 1 local entities hash is: 2zpOquoPVJBuWRXxz5Hs0rOtnxQ="}
{"logTime": "0717/120435", "correlationVector":"J0cq4e7fxcPExJDkQQMlFu.1","action":"CompareDataConsistency result: ", "result":"Server did not send this Send Tab To Self local entities count is: 0 local entities hash is: "}
{"logTime": "0717/120435", "correlationVector":"4DzrJHfvDYEntrBz8PW2+U","action":"Poll GetUpdate request", "result":"", "context":cV=4DzrJHfvDYEntrBz8PW2+U}
{"logTime": "0717/120435", "correlationVector":"4DzrJHfvDYEntrBz8PW2+U.1","action":"SyncServerConnectionManagerRequest", "result":"SYNC_SERVER_OK", "context":{"environment":"Prod_EastAsia_000d", "migrationStage":"NotStarted", "server":"GENERAL0100000K"}}
{"logTime": "0717/120435", "correlationVector":"4DzrJHfvDYEntrBz8PW2+U.2","action":"GetUpdates Response", "result":"Success", "context":Received 0 update(s). cV=4DzrJHfvDYEntrBz8PW2+U.0;server=GENERAL0100000K;cloudType=Consumer;environment=Prod_EastAsia_000d;migrationStage=NotStarted}
{"logTime": "0717/120436", "correlationVector":"","action":"DIAGNOSTIC_REQUEST|v1/diagnosticData/Diagnostic.SendCheckResult()|SUCCESS", "result":""}
{"logTime": "0717/120436", "correlationVector":"","action":"SyncDiagnosticRequest::ProcessDiagnosticResponse", "result":"DIAGNOSTIC_REQUEST|v1/diagnosticData/Diagnostic.SendCheckResult()|SUCCESS"}
{"logTime": "0717/120932", "correlationVector":"ddFrYYVZ/UO4j8RgVdSeHJ","action":"Normal GetUpdate request", "result":"", "context":cV=ddFrYYVZ/UO4j8RgVdSeHJ
Refresh requested types: Device Info, User Consents, Send Tab To Self, Encryption Keys}
{"logTime": "0717/120932", "correlationVector":"ddFrYYVZ/UO4j8RgVdSeHJ.1","action":"SyncServerConnectionManagerRequest", "result":"SYNC_SERVER_OK", "context":{"environment":"Prod_EastAsia_000d", "migrationStage":"NotStarted", "server":"GENERAL0100000U"}}
{"logTime": "0717/120932", "correlationVector":"ddFrYYVZ/UO4j8RgVdSeHJ.2","action":"GetUpdates Response", "result":"Success", "context":Received 0 update(s). cV=ddFrYYVZ/UO4j8RgVdSeHJ.0;server=GENERAL0100000U;cloudType=Consumer;environment=Prod_EastAsia_000d;migrationStage=NotStarted}
{"logTime": "0717/120932", "correlationVector":"1SlOrR/51A8MpFEXNFG52m","action":"DoCompareDataConsistency requsted types: ", "result":"Send Tab To Self, Encryption Keys"}
{"logTime": "0717/120932", "correlationVector":"1SlOrR/51A8MpFEXNFG52m.0","action":"CompareDataConsistency result: ", "result":"Compare result: Encryption Keys is consistent. local entities count is: 1 local entities hash is: 2zpOquoPVJBuWRXxz5Hs0rOtnxQ="}
{"logTime": "0717/120932", "correlationVector":"1SlOrR/51A8MpFEXNFG52m.1","action":"CompareDataConsistency result: ", "result":"Server did not send this Send Tab To Self local entities count is: 0 local entities hash is: "}
{"logTime": "0717/120933", "correlationVector":"","action":"DIAGNOSTIC_REQUEST|v1/diagnosticData/Diagnostic.SendCheckResult()|SUCCESS", "result":""}
{"logTime": "0717/120933", "correlationVector":"","action":"SyncDiagnosticRequest::ProcessDiagnosticResponse", "result":"DIAGNOSTIC_REQUEST|v1/diagnosticData/Diagnostic.SendCheckResult()|SUCCESS"}
{"logTime": "0717/131502", "correlationVector":"aVlsJ165gawnCvYLV0O/7Y","action":"Commit Request", "result":"", "context":Item count: 1
Contributing types: Device Info}
{"logTime": "0717/131503", "correlationVector":"aVlsJ165gawnCvYLV0O/7Y.1","action":"SyncServerConnectionManagerRequest", "result":"SYNC_SERVER_OK", "context":{"environment":"Prod_EastAsia_000d", "migrationStage":"NotStarted", "server":"GENERAL01000025"}}
{"logTime": "0717/131503", "correlationVector":"aVlsJ165gawnCvYLV0O/7Y.2","action":"Commit Response", "result":"Success", "context":Result: Success. cV=aVlsJ165gawnCvYLV0O/7Y.0;server=GENERAL01000025;cloudType=Consumer;environment=Prod_EastAsia_000d;migrationStage=NotStarted}
{"logTime": "0719/023218", "correlationVector":"8eqQeGZ2YjwF2XpXZ6fstL.1","action":"SyncServerConnectionManagerRequest", "result":"SYNC_SERVER_OK", "context":{"environment":"Prod_EastAsia_000d", "migrationStage":"NotStarted", "server":"GENERAL0300002E"}}
{"logTime": "0719/023219", "correlationVector":"0wYYauifvJ872SZ5YW+B6s","action":"SyncServerConnectionManagerRequest", "result":"SYNC_SERVER_OK", "context":{"environment":"", "migrationStage":"", "server":""}}
{"logTime": "0719/023219", "correlationVector":"8eqQeGZ2YjwF2XpXZ6fstL","action":"Initial GetUpdates", "result":"", "context":Reason: NEW_CLIENT. cV=8eqQeGZ2YjwF2XpXZ6fstL}
{"logTime": "0719/023219", "correlationVector":"8eqQeGZ2YjwF2XpXZ6fstL.2","action":"GetUpdates Response", "result":"Success", "context":Received 1 update(s). cV=8eqQeGZ2YjwF2XpXZ6fstL.0;server=GENERAL0300002E;cloudType=Consumer;environment=Prod_EastAsia_000d;migrationStage=NotStarted}
{"logTime": "0719/023219", "correlationVector":"DHRgPrwGNb36dVQ4SbRIOD","action":"Normal GetUpdate request", "result":"", "context":cV=DHRgPrwGNb36dVQ4SbRIOD
Nudged types: Device Info
Refresh requested types: Device Info, User Consents, Send Tab To Self, Encryption Keys}
{"logTime": "0719/023219", "correlationVector":"DHRgPrwGNb36dVQ4SbRIOD.1","action":"SyncServerConnectionManagerRequest", "result":"SYNC_SERVER_OK", "context":{"environment":"Prod_EastAsia_000d", "migrationStage":"NotStarted", "server":"GENERAL01000005"}}
{"logTime": "0719/023219", "correlationVector":"DHRgPrwGNb36dVQ4SbRIOD.2","action":"GetUpdates Response", "result":"Success", "context":Received 2 update(s). cV=DHRgPrwGNb36dVQ4SbRIOD.0;server=GENERAL01000005;cloudType=Consumer;environment=Prod_EastAsia_000d;migrationStage=NotStarted}
{"logTime": "0719/023219", "correlationVector":"leTugNf5CvYia4VS9nR3CR","action":"Commit Request", "result":"", "context":Item count: 1
Contributing types: Device Info}
{"logTime": "0719/023220", "correlationVector":"leTugNf5CvYia4VS9nR3CR.1","action":"SyncServerConnectionManagerRequest", "result":"SYNC_SERVER_OK", "context":{"environment":"Prod_EastAsia_000d", "migrationStage":"NotStarted", "server":"GENERAL0100000Z"}}
{"logTime": "0719/023220", "correlationVector":"leTugNf5CvYia4VS9nR3CR.2","action":"Commit Response", "result":"Success", "context":Result: Success. cV=leTugNf5CvYia4VS9nR3CR.0;server=GENERAL0100000Z;cloudType=Consumer;environment=Prod_EastAsia_000d;migrationStage=NotStarted}
{"logTime": "0719/023220", "correlationVector":"DRLGsoaAK5xzQgxis35UOE","action":"Normal GetUpdate request", "result":"", "context":cV=DRLGsoaAK5xzQgxis35UOE
Nudged types: Device Info}
{"logTime": "0719/023221", "correlationVector":"DRLGsoaAK5xzQgxis35UOE.1","action":"SyncServerConnectionManagerRequest", "result":"SYNC_SERVER_OK", "context":{"environment":"Prod_EastAsia_000d", "migrationStage":"NotStarted", "server":"GENERAL0100000U"}}
{"logTime": "0719/023221", "correlationVector":"DRLGsoaAK5xzQgxis35UOE.2","action":"GetUpdates Response", "result":"Success", "context":Received 1 update(s). cV=DRLGsoaAK5xzQgxis35UOE.0;server=GENERAL0100000U;cloudType=Consumer;environment=Prod_EastAsia_000d;migrationStage=NotStarted}
{"logTime": "0719/023221", "correlationVector":"OBrRsQE56dxyPpsCe/osgO","action":"Poll GetUpdate request", "result":"", "context":cV=OBrRsQE56dxyPpsCe/osgO}
{"logTime": "0719/023221", "correlationVector":"OBrRsQE56dxyPpsCe/osgO.1","action":"SyncServerConnectionManagerRequest", "result":"SYNC_SERVER_OK", "context":{"environment":"Prod_EastAsia_000d", "migrationStage":"NotStarted", "server":"GENERAL01000000"}}
{"logTime": "0719/023221", "correlationVector":"OBrRsQE56dxyPpsCe/osgO.2","action":"GetUpdates Response", "result":"Success", "context":Received 0 update(s). cV=OBrRsQE56dxyPpsCe/osgO.0;server=GENERAL01000000;cloudType=Consumer;environment=Prod_EastAsia_000d;migrationStage=NotStarted}
{"logTime": "0719/023221", "correlationVector":"38gm5wPnk12kTutXkx4Wd6","action":"DoCompareDataConsistency requsted types: ", "result":"Send Tab To Self, Encryption Keys"}
{"logTime": "0719/023221", "correlationVector":"38gm5wPnk12kTutXkx4Wd6.0","action":"CompareDataConsistency result: ", "result":"Compare result: Encryption Keys is consistent. local entities count is: 1 local entities hash is: 2zpOquoPVJBuWRXxz5Hs0rOtnxQ="}
{"logTime": "0719/023221", "correlationVector":"38gm5wPnk12kTutXkx4Wd6.1","action":"CompareDataConsistency result: ", "result":"Server did not send this Send Tab To Self local entities count is: 0 local entities hash is: "}
{"logTime": "0719/023222", "correlationVector":"","action":"DIAGNOSTIC_REQUEST|v1/diagnosticData/Diagnostic.SendCheckResult()|SUCCESS", "result":""}
{"logTime": "0719/023222", "correlationVector":"","action":"SyncDiagnosticRequest::ProcessDiagnosticResponse", "result":"DIAGNOSTIC_REQUEST|v1/diagnosticData/Diagnostic.SendCheckResult()|SUCCESS"}
{"logTime": "0719/023718", "correlationVector":"PxB8Pt5nvIZ9OUuwC06P3C","action":"Normal GetUpdate request", "result":"", "context":cV=PxB8Pt5nvIZ9OUuwC06P3C
Refresh requested types: Device Info, User Consents, Send Tab To Self, Encryption Keys}
{"logTime": "0719/023718", "correlationVector":"PxB8Pt5nvIZ9OUuwC06P3C.1","action":"SyncServerConnectionManagerRequest", "result":"SYNC_SERVER_OK", "context":{"environment":"Prod_EastAsia_000d", "migrationStage":"NotStarted", "server":"GENERAL0100000E"}}
{"logTime": "0719/023718", "correlationVector":"PxB8Pt5nvIZ9OUuwC06P3C.2","action":"GetUpdates Response", "result":"Success", "context":Received 0 update(s). cV=PxB8Pt5nvIZ9OUuwC06P3C.0;server=GENERAL0100000E;cloudType=Consumer;environment=Prod_EastAsia_000d;migrationStage=NotStarted}
{"logTime": "0719/115721", "correlationVector":"GsL4Gxz6dIrnXNp4O7u75U.1","action":"SyncServerConnectionManagerRequest", "result":"SYNC_SERVER_OK", "context":{"environment":"Prod_EastAsia_000d", "migrationStage":"NotStarted", "server":"GENERAL0300002N"}}
{"logTime": "0719/115722", "correlationVector":"Tshn8wDkn5f18OOLYl5Wdt","action":"SyncServerConnectionManagerRequest", "result":"SYNC_SERVER_OK", "context":{"environment":"", "migrationStage":"", "server":""}}
{"logTime": "0719/115722", "correlationVector":"GsL4Gxz6dIrnXNp4O7u75U","action":"Initial GetUpdates", "result":"", "context":Reason: NEW_CLIENT. cV=GsL4Gxz6dIrnXNp4O7u75U}
{"logTime": "0719/115722", "correlationVector":"GsL4Gxz6dIrnXNp4O7u75U.2","action":"GetUpdates Response", "result":"Success", "context":Received 1 update(s). cV=GsL4Gxz6dIrnXNp4O7u75U.0;server=GENERAL0300002N;cloudType=Consumer;environment=Prod_EastAsia_000d;migrationStage=NotStarted}
{"logTime": "0719/115722", "correlationVector":"quc8RorhyFSdGC3F0y36Ea","action":"Normal GetUpdate request", "result":"", "context":cV=quc8RorhyFSdGC3F0y36Ea
Refresh requested types: Device Info, User Consents, Send Tab To Self, Encryption Keys}
{"logTime": "0719/115722", "correlationVector":"quc8RorhyFSdGC3F0y36Ea.1","action":"SyncServerConnectionManagerRequest", "result":"SYNC_SERVER_OK", "context":{"environment":"Prod_EastAsia_000d", "migrationStage":"NotStarted", "server":"GENERAL01000000"}}
{"logTime": "0719/115722", "correlationVector":"quc8RorhyFSdGC3F0y36Ea.2","action":"GetUpdates Response", "result":"Success", "context":Received 0 update(s). cV=quc8RorhyFSdGC3F0y36Ea.0;server=GENERAL01000000;cloudType=Consumer;environment=Prod_EastAsia_000d;migrationStage=NotStarted}
{"logTime": "0719/115722", "correlationVector":"Kr5lIlvEQblsrK0/auYgOq","action":"DoCompareDataConsistency requsted types: ", "result":"Send Tab To Self, Encryption Keys"}
{"logTime": "0719/115722", "correlationVector":"Kr5lIlvEQblsrK0/auYgOq.0","action":"CompareDataConsistency result: ", "result":"Compare result: Encryption Keys is consistent. local entities count is: 1 local entities hash is: 2zpOquoPVJBuWRXxz5Hs0rOtnxQ="}
{"logTime": "0719/115722", "correlationVector":"Kr5lIlvEQblsrK0/auYgOq.1","action":"CompareDataConsistency result: ", "result":"Server did not send this Send Tab To Self local entities count is: 0 local entities hash is: "}
{"logTime": "0719/115722", "correlationVector":"ipMcREevUGu+F/XZZmmyjG","action":"Poll GetUpdate request", "result":"", "context":cV=ipMcREevUGu+F/XZZmmyjG}
{"logTime": "0719/115723", "correlationVector":"ipMcREevUGu+F/XZZmmyjG.1","action":"SyncServerConnectionManagerRequest", "result":"SYNC_SERVER_OK", "context":{"environment":"Prod_EastAsia_000d", "migrationStage":"NotStarted", "server":"GENERAL01000004"}}
{"logTime": "0719/115723", "correlationVector":"ipMcREevUGu+F/XZZmmyjG.2","action":"GetUpdates Response", "result":"Success", "context":Received 0 update(s). cV=ipMcREevUGu+F/XZZmmyjG.0;server=GENERAL01000004;cloudType=Consumer;environment=Prod_EastAsia_000d;migrationStage=NotStarted}
{"logTime": "0719/115723", "correlationVector":"","action":"DIAGNOSTIC_REQUEST|v1/diagnosticData/Diagnostic.SendCheckResult()|SUCCESS", "result":""}
{"logTime": "0719/115723", "correlationVector":"","action":"SyncDiagnosticRequest::ProcessDiagnosticResponse", "result":"DIAGNOSTIC_REQUEST|v1/diagnosticData/Diagnostic.SendCheckResult()|SUCCESS"}
{"logTime": "0719/120219", "correlationVector":"lsW1Edly8D704pZRLtcEd2","action":"Normal GetUpdate request", "result":"", "context":cV=lsW1Edly8D704pZRLtcEd2
Refresh requested types: Device Info, User Consents, Send Tab To Self, Encryption Keys}
{"logTime": "0719/120219", "correlationVector":"lsW1Edly8D704pZRLtcEd2.1","action":"SyncServerConnectionManagerRequest", "result":"SYNC_SERVER_OK", "context":{"environment":"Prod_EastAsia_000d", "migrationStage":"NotStarted", "server":"GENERAL0300001T"}}
{"logTime": "0719/120219", "correlationVector":"lsW1Edly8D704pZRLtcEd2.2","action":"GetUpdates Response", "result":"Success", "context":Received 0 update(s). cV=lsW1Edly8D704pZRLtcEd2.0;server=GENERAL0300001T;cloudType=Consumer;environment=Prod_EastAsia_000d;migrationStage=NotStarted}
{"logTime": "0720/000416", "correlationVector":"Byc+eHGXhUepEw+Lzrm0ER.1","action":"SyncServerConnectionManagerRequest", "result":"SYNC_SERVER_OK", "context":{"environment":"Prod_EastAsia_000d", "migrationStage":"NotStarted", "server":"GENERAL0100001S"}}
{"logTime": "0720/000418", "correlationVector":"pS5eaWkzbXa22XDR4M8yOH","action":"SyncServerConnectionManagerRequest", "result":"SYNC_SERVER_OK", "context":{"environment":"", "migrationStage":"", "server":""}}
{"logTime": "0720/000418", "correlationVector":"Byc+eHGXhUepEw+Lzrm0ER","action":"Initial GetUpdates", "result":"", "context":Reason: NEW_CLIENT. cV=Byc+eHGXhUepEw+Lzrm0ER}
{"logTime": "0720/000418", "correlationVector":"Byc+eHGXhUepEw+Lzrm0ER.2","action":"GetUpdates Response", "result":"Success", "context":Received 1 update(s). cV=Byc+eHGXhUepEw+Lzrm0ER.0;server=GENERAL0100001S;cloudType=Consumer;environment=Prod_EastAsia_000d;migrationStage=NotStarted}
{"logTime": "0720/000418", "correlationVector":"RhsdPM2aIBQxouwAPPnP9w","action":"Normal GetUpdate request", "result":"", "context":cV=RhsdPM2aIBQxouwAPPnP9w
Refresh requested types: Device Info, User Consents, Send Tab To Self, Encryption Keys}
{"logTime": "0720/000418", "correlationVector":"RhsdPM2aIBQxouwAPPnP9w.1","action":"SyncServerConnectionManagerRequest", "result":"SYNC_SERVER_OK", "context":{"environment":"Prod_EastAsia_000d", "migrationStage":"NotStarted", "server":"GENERAL0100001C"}}
{"logTime": "0720/000418", "correlationVector":"RhsdPM2aIBQxouwAPPnP9w.2","action":"GetUpdates Response", "result":"Success", "context":Received 1 update(s). cV=RhsdPM2aIBQxouwAPPnP9w.0;server=GENERAL0100001C;cloudType=Consumer;environment=Prod_EastAsia_000d;migrationStage=NotStarted}
{"logTime": "0720/000418", "correlationVector":"a05HUVFo8rCDO9jmbn9RB6","action":"Poll GetUpdate request", "result":"", "context":cV=a05HUVFo8rCDO9jmbn9RB6}
{"logTime": "0720/000418", "correlationVector":"a05HUVFo8rCDO9jmbn9RB6.1","action":"SyncServerConnectionManagerRequest", "result":"SYNC_SERVER_OK", "context":{"environment":"Prod_EastAsia_000d", "migrationStage":"NotStarted", "server":"GENERAL0300000R"}}
{"logTime": "0720/000418", "correlationVector":"a05HUVFo8rCDO9jmbn9RB6.2","action":"GetUpdates Response", "result":"Success", "context":Received 0 update(s). cV=a05HUVFo8rCDO9jmbn9RB6.0;server=GENERAL0300000R;cloudType=Consumer;environment=Prod_EastAsia_000d;migrationStage=NotStarted}
{"logTime": "0720/000418", "correlationVector":"ZwSTdR82hpwslgPu8GzvWy","action":"DoCompareDataConsistency requsted types: ", "result":"Send Tab To Self, Encryption Keys"}
{"logTime": "0720/000418", "correlationVector":"ZwSTdR82hpwslgPu8GzvWy.0","action":"CompareDataConsistency result: ", "result":"Compare result: Encryption Keys is consistent. local entities count is: 1 local entities hash is: 2zpOquoPVJBuWRXxz5Hs0rOtnxQ="}
{"logTime": "0720/000418", "correlationVector":"ZwSTdR82hpwslgPu8GzvWy.1","action":"CompareDataConsistency result: ", "result":"Server did not send this Send Tab To Self local entities count is: 0 local entities hash is: "}
{"logTime": "0720/000418", "correlationVector":"","action":"DIAGNOSTIC_REQUEST|v1/diagnosticData/Diagnostic.SendCheckResult()|SUCCESS", "result":""}
{"logTime": "0720/000418", "correlationVector":"","action":"SyncDiagnosticRequest::ProcessDiagnosticResponse", "result":"DIAGNOSTIC_REQUEST|v1/diagnosticData/Diagnostic.SendCheckResult()|SUCCESS"}
{"logTime": "0720/000916", "correlationVector":"79vZfiNh8KaFCyVJ0WhBPp","action":"Normal GetUpdate request", "result":"", "context":cV=79vZfiNh8KaFCyVJ0WhBPp
Refresh requested types: Device Info, User Consents, Send Tab To Self, Encryption Keys}
{"logTime": "0720/000916", "correlationVector":"79vZfiNh8KaFCyVJ0WhBPp.1","action":"SyncServerConnectionManagerRequest", "result":"SYNC_SERVER_OK", "context":{"environment":"Prod_EastAsia_000d", "migrationStage":"NotStarted", "server":"GENERAL01000002"}}
{"logTime": "0720/000916", "correlationVector":"79vZfiNh8KaFCyVJ0WhBPp.2","action":"GetUpdates Response", "result":"Success", "context":Received 0 update(s). cV=79vZfiNh8KaFCyVJ0WhBPp.0;server=GENERAL01000002;cloudType=Consumer;environment=Prod_EastAsia_000d;migrationStage=NotStarted}
